[0.011s] Invoking command in '/home/bmcotonom1/DevOps (second copy )/build/cpp_pubsub': CMAKE_PREFIX_PATH=/opt/ros/foxy /usr/bin/cmake /home/bmcotonom1/DevOps (second copy )/src/cpp_pubsub -DENABLE_COVERAGE=ON -DCMAKE_INSTALL_PREFIX=/home/bmcotonom1/DevOps (second copy )/install/cpp_pubsub
[0.056s] -- The C compiler identification is GNU 9.4.0
[0.099s] -- The CXX compiler identification is GNU 9.4.0
[0.103s] -- Check for working C compiler: /usr/bin/cc
[0.161s] -- Check for working C compiler: /usr/bin/cc -- works
[0.162s] -- Detecting C compiler ABI info
[0.218s] -- Detecting C compiler ABI info - done
[0.228s] -- Detecting C compile features
[0.228s] -- Detecting C compile features - done
[0.230s] -- Check for working CXX compiler: /usr/bin/c++
[0.296s] -- Check for working CXX compiler: /usr/bin/c++ -- works
[0.297s] -- Detecting CXX compiler ABI info
[0.379s] -- Detecting CXX compiler ABI info - done
[0.393s] -- Detecting CXX compile features
[0.394s] -- Detecting CXX compile features - done
[0.396s] -- Found ament_cmake: 0.9.12 (/opt/ros/foxy/share/ament_cmake/cmake)
[0.427s] -- Found PythonInterp: /usr/bin/python3 (found suitable version "3.8.10", minimum required is "3") 
[0.427s] -- Using PYTHON_EXECUTABLE: /usr/bin/python3
[0.639s] -- Found rclcpp: 2.4.3 (/opt/ros/foxy/share/rclcpp/cmake)
[0.679s] -- Using all available rosidl_typesupport_c: rosidl_typesupport_fastrtps_c;rosidl_typesupport_introspection_c
[0.684s] -- Found rosidl_adapter: 1.3.1 (/opt/ros/foxy/share/rosidl_adapter/cmake)
[0.756s] -- Found OpenSSL: /usr/lib/x86_64-linux-gnu/libcrypto.so (found version "1.1.1f")  
[0.784s] -- Found FastRTPS: /opt/ros/foxy/include  
[0.853s] -- Using all available rosidl_typesupport_cpp: rosidl_typesupport_fastrtps_cpp;rosidl_typesupport_introspection_cpp
[0.905s] -- Found rmw_implementation_cmake: 1.0.4 (/opt/ros/foxy/share/rmw_implementation_cmake/cmake)
[0.906s] -- Using RMW implementation 'rmw_fastrtps_cpp' as default
[0.907s] -- Looking for pthread.h
[0.972s] -- Looking for pthread.h - found
[0.972s] -- Performing Test CMAKE_HAVE_LIBC_PTHREAD
[1.038s] -- Performing Test CMAKE_HAVE_LIBC_PTHREAD - Failed
[1.038s] -- Looking for pthread_create in pthreads
[1.093s] -- Looking for pthread_create in pthreads - not found
[1.093s] -- Looking for pthread_create in pthread
[1.161s] -- Looking for pthread_create in pthread - found
[1.162s] -- Found Threads: TRUE  
[1.299s] -- Found ament_lint_auto: 0.9.8 (/opt/ros/foxy/share/ament_lint_auto/cmake)
[1.374s] -- Found gtest sources under '/opt/ros/foxy/src/gtest_vendor': C++ tests using 'Google Test' will be built
[1.376s] -- Check if compiler accepts -pthread
[1.436s] -- Check if compiler accepts -pthread - yes
[1.440s] -- Added test 'copyright' to check source files copyright and LICENSE
[1.441s] -- Added test 'cppcheck' to perform static code analysis on C / C++ code
[1.442s] -- Configured cppcheck include dirs: 
[1.442s] -- Configured cppcheck exclude dirs and/or files: 
[1.443s] -- Added test 'cpplint' to check C / C++ code against the Google style
[1.443s] -- Configured cpplint exclude dirs and/or files: 
[1.443s] -- Added test 'lint_cmake' to check CMake code style
[1.444s] -- Added test 'uncrustify' to check C / C++ code style
[1.444s] -- Configured uncrustify additional arguments: 
[1.444s] -- Added test 'xmllint' to check XML markup files
[1.447s] -- Configuring done
[1.461s] -- Generating done
[1.469s] -- Build files have been written to: /home/bmcotonom1/DevOps (second copy )/build/cpp_pubsub
[1.474s] Invoked command in '/home/bmcotonom1/DevOps (second copy )/build/cpp_pubsub' returned '0': CMAKE_PREFIX_PATH=/opt/ros/foxy /usr/bin/cmake /home/bmcotonom1/DevOps (second copy )/src/cpp_pubsub -DENABLE_COVERAGE=ON -DCMAKE_INSTALL_PREFIX=/home/bmcotonom1/DevOps (second copy )/install/cpp_pubsub
[1.477s] Invoking command in '/home/bmcotonom1/DevOps (second copy )/build/cpp_pubsub': CMAKE_PREFIX_PATH=/opt/ros/foxy /usr/bin/cmake --build /home/bmcotonom1/DevOps (second copy )/build/cpp_pubsub -- -j12 -l12
[1.512s] [35m[1mScanning dependencies of target listener[0m
[1.512s] [35m[1mScanning dependencies of target talker[0m
[1.522s] [ 40%] Built target gtest_main
[1.522s] [ 40%] Built target gtest
[1.531s] [35m[1mScanning dependencies of target test_my_node[0m
[1.541s] [ 80%] Built target talker
[1.541s] [ 80%] Built target listener
[1.561s] [100%] Built target test_my_node
[1.571s] Invoked command in '/home/bmcotonom1/DevOps (second copy )/build/cpp_pubsub' returned '0': CMAKE_PREFIX_PATH=/opt/ros/foxy /usr/bin/cmake --build /home/bmcotonom1/DevOps (second copy )/build/cpp_pubsub -- -j12 -l12
[1.582s] Invoking command in '/home/bmcotonom1/DevOps (second copy )/build/cpp_pubsub': CMAKE_PREFIX_PATH=/opt/ros/foxy /usr/bin/cmake --install /home/bmcotonom1/DevOps (second copy )/build/cpp_pubsub
[1.588s] -- Install configuration: ""
[1.589s] -- Up-to-date: /home/bmcotonom1/DevOps (second copy )/install/cpp_pubsub/lib/cpp_pubsub/talker
[1.589s] -- Up-to-date: /home/bmcotonom1/DevOps (second copy )/install/cpp_pubsub/lib/cpp_pubsub/listener
[1.589s] -- Up-to-date: /home/bmcotonom1/DevOps (second copy )/install/cpp_pubsub/share/ament_index/resource_index/package_run_dependencies/cpp_pubsub
[1.589s] -- Up-to-date: /home/bmcotonom1/DevOps (second copy )/install/cpp_pubsub/share/ament_index/resource_index/parent_prefix_path/cpp_pubsub
[1.589s] -- Up-to-date: /home/bmcotonom1/DevOps (second copy )/install/cpp_pubsub/share/cpp_pubsub/environment/ament_prefix_path.sh
[1.590s] -- Installing: /home/bmcotonom1/DevOps (second copy )/install/cpp_pubsub/share/cpp_pubsub/environment/ament_prefix_path.dsv
[1.590s] -- Up-to-date: /home/bmcotonom1/DevOps (second copy )/install/cpp_pubsub/share/cpp_pubsub/environment/path.sh
[1.590s] -- Installing: /home/bmcotonom1/DevOps (second copy )/install/cpp_pubsub/share/cpp_pubsub/environment/path.dsv
[1.590s] -- Up-to-date: /home/bmcotonom1/DevOps (second copy )/install/cpp_pubsub/share/cpp_pubsub/local_setup.bash
[1.590s] -- Up-to-date: /home/bmcotonom1/DevOps (second copy )/install/cpp_pubsub/share/cpp_pubsub/local_setup.sh
[1.590s] -- Up-to-date: /home/bmcotonom1/DevOps (second copy )/install/cpp_pubsub/share/cpp_pubsub/local_setup.zsh
[1.590s] -- Installing: /home/bmcotonom1/DevOps (second copy )/install/cpp_pubsub/share/cpp_pubsub/local_setup.dsv
[1.590s] -- Installing: /home/bmcotonom1/DevOps (second copy )/install/cpp_pubsub/share/cpp_pubsub/package.dsv
[1.590s] -- Up-to-date: /home/bmcotonom1/DevOps (second copy )/install/cpp_pubsub/share/ament_index/resource_index/packages/cpp_pubsub
[1.590s] -- Up-to-date: /home/bmcotonom1/DevOps (second copy )/install/cpp_pubsub/share/cpp_pubsub/cmake/cpp_pubsubConfig.cmake
[1.590s] -- Up-to-date: /home/bmcotonom1/DevOps (second copy )/install/cpp_pubsub/share/cpp_pubsub/cmake/cpp_pubsubConfig-version.cmake
[1.591s] -- Up-to-date: /home/bmcotonom1/DevOps (second copy )/install/cpp_pubsub/share/cpp_pubsub/package.xml
[1.592s] Invoked command in '/home/bmcotonom1/DevOps (second copy )/build/cpp_pubsub' returned '0': CMAKE_PREFIX_PATH=/opt/ros/foxy /usr/bin/cmake --install /home/bmcotonom1/DevOps (second copy )/build/cpp_pubsub
