[0.010s] Invoking command in '/home/bmcotonom1/DevOps/build/cpp_pubsub': CMAKE_PREFIX_PATH=/opt/ros/foxy /usr/bin/cmake /home/bmcotonom1/DevOps/src/cpp_pubsub -DENABLE_COVERAGE=ON -DCMAKE_INSTALL_PREFIX=/home/bmcotonom1/DevOps/install/cpp_pubsub
[0.055s] -- The C compiler identification is GNU 9.4.0
[0.099s] -- The CXX compiler identification is GNU 9.4.0
[0.102s] -- Check for working C compiler: /usr/bin/cc
[0.158s] -- Check for working C compiler: /usr/bin/cc -- works
[0.159s] -- Detecting C compiler ABI info
[0.216s] -- Detecting C compiler ABI info - done
[0.229s] -- Detecting C compile features
[0.230s] -- Detecting C compile features - done
[0.232s] -- Check for working CXX compiler: /usr/bin/c++
[0.308s] -- Check for working CXX compiler: /usr/bin/c++ -- works
[0.309s] -- Detecting CXX compiler ABI info
[0.394s] -- Detecting CXX compiler ABI info - done
[0.409s] -- Detecting CXX compile features
[0.410s] -- Detecting CXX compile features - done
[0.413s] -- Found ament_cmake: 0.9.12 (/opt/ros/foxy/share/ament_cmake/cmake)
[0.444s] -- Found PythonInterp: /usr/bin/python3 (found suitable version "3.8.10", minimum required is "3") 
[0.444s] -- Using PYTHON_EXECUTABLE: /usr/bin/python3
[0.650s] -- Found rclcpp: 2.4.3 (/opt/ros/foxy/share/rclcpp/cmake)
[0.685s] -- Using all available rosidl_typesupport_c: rosidl_typesupport_fastrtps_c;rosidl_typesupport_introspection_c
[0.690s] -- Found rosidl_adapter: 1.3.1 (/opt/ros/foxy/share/rosidl_adapter/cmake)
[0.752s] -- Found OpenSSL: /usr/lib/x86_64-linux-gnu/libcrypto.so (found version "1.1.1f")  
[0.776s] -- Found FastRTPS: /opt/ros/foxy/include  
[0.840s] -- Using all available rosidl_typesupport_cpp: rosidl_typesupport_fastrtps_cpp;rosidl_typesupport_introspection_cpp
[0.886s] -- Found rmw_implementation_cmake: 1.0.4 (/opt/ros/foxy/share/rmw_implementation_cmake/cmake)
[0.888s] -- Using RMW implementation 'rmw_fastrtps_cpp' as default
[0.888s] -- Looking for pthread.h
[0.947s] -- Looking for pthread.h - found
[0.947s] -- Performing Test CMAKE_HAVE_LIBC_PTHREAD
[1.008s] -- Performing Test CMAKE_HAVE_LIBC_PTHREAD - Failed
[1.008s] -- Looking for pthread_create in pthreads
[1.063s] -- Looking for pthread_create in pthreads - not found
[1.063s] -- Looking for pthread_create in pthread
[1.175s] -- Looking for pthread_create in pthread - found
[1.177s] -- Found Threads: TRUE  
[1.321s] -- Found ament_lint_auto: 0.9.8 (/opt/ros/foxy/share/ament_lint_auto/cmake)
[1.395s] -- Found gtest sources under '/opt/ros/foxy/src/gtest_vendor': C++ tests using 'Google Test' will be built
[1.397s] -- Check if compiler accepts -pthread
[1.457s] -- Check if compiler accepts -pthread - yes
[1.462s] -- Added test 'copyright' to check source files copyright and LICENSE
[1.463s] -- Added test 'cppcheck' to perform static code analysis on C / C++ code
[1.464s] -- Configured cppcheck include dirs: 
[1.464s] -- Configured cppcheck exclude dirs and/or files: 
[1.465s] -- Added test 'cpplint' to check C / C++ code against the Google style
[1.465s] -- Configured cpplint exclude dirs and/or files: 
[1.466s] -- Added test 'lint_cmake' to check CMake code style
[1.468s] -- Added test 'uncrustify' to check C / C++ code style
[1.468s] -- Configured uncrustify additional arguments: 
[1.469s] -- Added test 'xmllint' to check XML markup files
[1.472s] -- Configuring done
[1.487s] -- Generating done
[1.493s] -- Build files have been written to: /home/bmcotonom1/DevOps/build/cpp_pubsub
[1.498s] Invoked command in '/home/bmcotonom1/DevOps/build/cpp_pubsub' returned '0': CMAKE_PREFIX_PATH=/opt/ros/foxy /usr/bin/cmake /home/bmcotonom1/DevOps/src/cpp_pubsub -DENABLE_COVERAGE=ON -DCMAKE_INSTALL_PREFIX=/home/bmcotonom1/DevOps/install/cpp_pubsub
[1.501s] Invoking command in '/home/bmcotonom1/DevOps/build/cpp_pubsub': CMAKE_PREFIX_PATH=/opt/ros/foxy /usr/bin/cmake --build /home/bmcotonom1/DevOps/build/cpp_pubsub -- -j12 -l12
[1.535s] [35m[1mScanning dependencies of target listener[0m
[1.535s] [35m[1mScanning dependencies of target talker[0m
[1.544s] [ 20%] [32mBuilding CXX object gtest/CMakeFiles/gtest_main.dir/src/gtest_main.cc.o[0m
[1.544s] [ 20%] [32mBuilding CXX object gtest/CMakeFiles/gtest.dir/src/gtest-all.cc.o[0m
[1.560s] [ 40%] [32mBuilding CXX object CMakeFiles/listener.dir/src/subscriber_member_function.cpp.o[0m
[1.560s] [ 40%] [32mBuilding CXX object CMakeFiles/talker.dir/src/publisher_member_function.cpp.o[0m
[2.109s] [ 50%] [32m[1mLinking CXX static library libgtest_main.a[0m
[2.137s] [ 50%] Built target gtest_main
[4.096s] [ 60%] [32m[1mLinking CXX static library libgtest.a[0m
[4.148s] [ 60%] Built target gtest
[4.157s] [35m[1mScanning dependencies of target test_my_node[0m
[4.182s] [ 70%] [32mBuilding CXX object CMakeFiles/test_my_node.dir/test/test_my_node.cpp.o[0m
[4.714s] [ 80%] [32m[1mLinking CXX executable talker[0m
[4.879s] [ 80%] Built target talker
[5.887s] [ 90%] [32m[1mLinking CXX executable test_my_node[0m
[6.013s] [ 90%] Built target test_my_node
[6.944s] [100%] [32m[1mLinking CXX executable listener[0m
[7.173s] [100%] Built target listener
[7.182s] Invoked command in '/home/bmcotonom1/DevOps/build/cpp_pubsub' returned '0': CMAKE_PREFIX_PATH=/opt/ros/foxy /usr/bin/cmake --build /home/bmcotonom1/DevOps/build/cpp_pubsub -- -j12 -l12
[7.193s] Invoking command in '/home/bmcotonom1/DevOps/build/cpp_pubsub': CMAKE_PREFIX_PATH=/opt/ros/foxy /usr/bin/cmake --install /home/bmcotonom1/DevOps/build/cpp_pubsub
[7.199s] -- Install configuration: ""
[7.199s] -- Installing: /home/bmcotonom1/DevOps/install/cpp_pubsub/lib/cpp_pubsub/talker
[7.202s] -- Set runtime path of "/home/bmcotonom1/DevOps/install/cpp_pubsub/lib/cpp_pubsub/talker" to ""
[7.202s] -- Installing: /home/bmcotonom1/DevOps/install/cpp_pubsub/lib/cpp_pubsub/listener
[7.209s] -- Set runtime path of "/home/bmcotonom1/DevOps/install/cpp_pubsub/lib/cpp_pubsub/listener" to ""
[7.209s] -- Up-to-date: /home/bmcotonom1/DevOps/install/cpp_pubsub/share/ament_index/resource_index/package_run_dependencies/cpp_pubsub
[7.209s] -- Up-to-date: /home/bmcotonom1/DevOps/install/cpp_pubsub/share/ament_index/resource_index/parent_prefix_path/cpp_pubsub
[7.209s] -- Up-to-date: /home/bmcotonom1/DevOps/install/cpp_pubsub/share/cpp_pubsub/environment/ament_prefix_path.sh
[7.210s] -- Installing: /home/bmcotonom1/DevOps/install/cpp_pubsub/share/cpp_pubsub/environment/ament_prefix_path.dsv
[7.210s] -- Up-to-date: /home/bmcotonom1/DevOps/install/cpp_pubsub/share/cpp_pubsub/environment/path.sh
[7.210s] -- Installing: /home/bmcotonom1/DevOps/install/cpp_pubsub/share/cpp_pubsub/environment/path.dsv
[7.210s] -- Up-to-date: /home/bmcotonom1/DevOps/install/cpp_pubsub/share/cpp_pubsub/local_setup.bash
[7.210s] -- Up-to-date: /home/bmcotonom1/DevOps/install/cpp_pubsub/share/cpp_pubsub/local_setup.sh
[7.210s] -- Up-to-date: /home/bmcotonom1/DevOps/install/cpp_pubsub/share/cpp_pubsub/local_setup.zsh
[7.210s] -- Installing: /home/bmcotonom1/DevOps/install/cpp_pubsub/share/cpp_pubsub/local_setup.dsv
[7.210s] -- Installing: /home/bmcotonom1/DevOps/install/cpp_pubsub/share/cpp_pubsub/package.dsv
[7.210s] -- Up-to-date: /home/bmcotonom1/DevOps/install/cpp_pubsub/share/ament_index/resource_index/packages/cpp_pubsub
[7.210s] -- Up-to-date: /home/bmcotonom1/DevOps/install/cpp_pubsub/share/cpp_pubsub/cmake/cpp_pubsubConfig.cmake
[7.210s] -- Up-to-date: /home/bmcotonom1/DevOps/install/cpp_pubsub/share/cpp_pubsub/cmake/cpp_pubsubConfig-version.cmake
[7.210s] -- Up-to-date: /home/bmcotonom1/DevOps/install/cpp_pubsub/share/cpp_pubsub/package.xml
[7.212s] Invoked command in '/home/bmcotonom1/DevOps/build/cpp_pubsub' returned '0': CMAKE_PREFIX_PATH=/opt/ros/foxy /usr/bin/cmake --install /home/bmcotonom1/DevOps/build/cpp_pubsub
