[0.010s] Invoking command in '/home/bmcotonom1/DevOps/build/cpp_pubsub': CMAKE_PREFIX_PATH=/opt/ros/foxy /usr/bin/cmake /home/bmcotonom1/DevOps/src/cpp_pubsub -DENABLE_COVERAGE=ON -DCMAKE_INSTALL_PREFIX=/home/bmcotonom1/DevOps/install/cpp_pubsub
[0.055s] -- The C compiler identification is GNU 9.4.0
[0.099s] -- The CXX compiler identification is GNU 9.4.0
[0.103s] -- Check for working C compiler: /usr/bin/cc
[0.160s] -- Check for working C compiler: /usr/bin/cc -- works
[0.161s] -- Detecting C compiler ABI info
[0.219s] -- Detecting C compiler ABI info - done
[0.230s] -- Detecting C compile features
[0.230s] -- Detecting C compile features - done
[0.233s] -- Check for working CXX compiler: /usr/bin/c++
[0.307s] -- Check for working CXX compiler: /usr/bin/c++ -- works
[0.308s] -- Detecting CXX compiler ABI info
[0.389s] -- Detecting CXX compiler ABI info - done
[0.400s] -- Detecting CXX compile features
[0.400s] -- Detecting CXX compile features - done
[0.401s] -- Building with code coverage enabled
[0.401s] CMake Error at CMakeLists.txt:8 (target_compile_options):
[0.401s]   Cannot specify compile options for target "your_library_or_executable"
[0.401s]   which is not built by this project.
[0.401s] 
[0.401s] 
[0.401s] CMake Error at CMakeLists.txt:9 (target_link_libraries):
[0.401s]   Cannot specify link libraries for target "your_library_or_executable" which
[0.401s]   is not built by this project.
[0.401s] 
[0.401s] 
[0.401s] -- Configuring incomplete, errors occurred!
[0.402s] See also "/home/bmcotonom1/DevOps/build/cpp_pubsub/CMakeFiles/CMakeOutput.log".
[0.402s] See also "/home/bmcotonom1/DevOps/build/cpp_pubsub/CMakeFiles/CMakeError.log".
[0.404s] Invoked command in '/home/bmcotonom1/DevOps/build/cpp_pubsub' returned '1': CMAKE_PREFIX_PATH=/opt/ros/foxy /usr/bin/cmake /home/bmcotonom1/DevOps/src/cpp_pubsub -DENABLE_COVERAGE=ON -DCMAKE_INSTALL_PREFIX=/home/bmcotonom1/DevOps/install/cpp_pubsub
