[0.010s] Invoking command in '/home/bmcotonom1/DevOps/build/cpp_pubsub': CMAKE_PREFIX_PATH=/opt/ros/foxy /usr/bin/cmake /home/bmcotonom1/DevOps/src/cpp_pubsub -DENABLE_COVERAGE=ON -DCMAKE_INSTALL_PREFIX=/home/bmcotonom1/DevOps/install/cpp_pubsub
[0.056s] -- The C compiler identification is GNU 9.4.0
[0.104s] -- The CXX compiler identification is GNU 9.4.0
[0.108s] -- Check for working C compiler: /usr/bin/cc
[0.169s] -- Check for working C compiler: /usr/bin/cc -- works
[0.170s] -- Detecting C compiler ABI info
[0.231s] -- Detecting C compiler ABI info - done
[0.242s] -- Detecting C compile features
[0.242s] -- Detecting C compile features - done
[0.244s] -- Check for working CXX compiler: /usr/bin/c++
[0.320s] -- Check for working CXX compiler: /usr/bin/c++ -- works
[0.321s] -- Detecting CXX compiler ABI info
[0.387s] -- Detecting CXX compiler ABI info - done
[0.397s] -- Detecting CXX compile features
[0.397s] -- Detecting CXX compile features - done
[0.398s] -- Building with code coverage enabled
[0.398s] CMake Error at CMakeLists.txt:8 (target_compile_options):
[0.398s]   Cannot specify compile options for target "your_library_or_executable"
[0.398s]   which is not built by this project.
[0.398s] 
[0.398s] 
[0.398s] CMake Error at CMakeLists.txt:9 (target_link_libraries):
[0.398s]   Cannot specify link libraries for target "your_library_or_executable" which
[0.398s]   is not built by this project.
[0.398s] 
[0.398s] 
[0.398s] -- Configuring incomplete, errors occurred!
[0.398s] See also "/home/bmcotonom1/DevOps/build/cpp_pubsub/CMakeFiles/CMakeOutput.log".
[0.398s] See also "/home/bmcotonom1/DevOps/build/cpp_pubsub/CMakeFiles/CMakeError.log".
[0.401s] Invoked command in '/home/bmcotonom1/DevOps/build/cpp_pubsub' returned '1': CMAKE_PREFIX_PATH=/opt/ros/foxy /usr/bin/cmake /home/bmcotonom1/DevOps/src/cpp_pubsub -DENABLE_COVERAGE=ON -DCMAKE_INSTALL_PREFIX=/home/bmcotonom1/DevOps/install/cpp_pubsub
