[0.010s] Invoking command in '/home/bmcotonom1/DevOps/build/cpp_pubsub': CMAKE_PREFIX_PATH=/opt/ros/foxy /usr/bin/cmake /home/bmcotonom1/DevOps/src/cpp_pubsub -DENABLE_COVERAGE=ON -DCMAKE_INSTALL_PREFIX=/home/bmcotonom1/DevOps/install/cpp_pubsub
[0.056s] -- The C compiler identification is GNU 9.4.0
[0.101s] -- The CXX compiler identification is GNU 9.4.0
[0.105s] -- Check for working C compiler: /usr/bin/cc
[0.163s] -- Check for working C compiler: /usr/bin/cc -- works
[0.163s] -- Detecting C compiler ABI info
[0.225s] -- Detecting C compiler ABI info - done
[0.237s] -- Detecting C compile features
[0.237s] -- Detecting C compile features - done
[0.240s] -- Check for working CXX compiler: /usr/bin/c++
[0.322s] -- Check for working CXX compiler: /usr/bin/c++ -- works
[0.323s] -- Detecting CXX compiler ABI info
[0.420s] -- Detecting CXX compiler ABI info - done
[0.434s] -- Detecting CXX compile features
[0.435s] -- Detecting CXX compile features - done
[0.437s] -- Found ament_cmake: 0.9.12 (/opt/ros/foxy/share/ament_cmake/cmake)
[0.468s] -- Found PythonInterp: /usr/bin/python3 (found suitable version "3.8.10", minimum required is "3") 
[0.468s] -- Using PYTHON_EXECUTABLE: /usr/bin/python3
[0.673s] -- Found rclcpp: 2.4.3 (/opt/ros/foxy/share/rclcpp/cmake)
[0.709s] -- Using all available rosidl_typesupport_c: rosidl_typesupport_fastrtps_c;rosidl_typesupport_introspection_c
[0.714s] -- Found rosidl_adapter: 1.3.1 (/opt/ros/foxy/share/rosidl_adapter/cmake)
[0.780s] -- Found OpenSSL: /usr/lib/x86_64-linux-gnu/libcrypto.so (found version "1.1.1f")  
[0.805s] -- Found FastRTPS: /opt/ros/foxy/include  
[0.871s] -- Using all available rosidl_typesupport_cpp: rosidl_typesupport_fastrtps_cpp;rosidl_typesupport_introspection_cpp
[0.919s] -- Found rmw_implementation_cmake: 1.0.4 (/opt/ros/foxy/share/rmw_implementation_cmake/cmake)
[0.920s] -- Using RMW implementation 'rmw_fastrtps_cpp' as default
[0.921s] -- Looking for pthread.h
[0.981s] -- Looking for pthread.h - found
[0.982s] -- Performing Test CMAKE_HAVE_LIBC_PTHREAD
[1.054s] -- Performing Test CMAKE_HAVE_LIBC_PTHREAD - Failed
[1.055s] -- Looking for pthread_create in pthreads
[1.109s] -- Looking for pthread_create in pthreads - not found
[1.110s] -- Looking for pthread_create in pthread
[1.178s] -- Looking for pthread_create in pthread - found
[1.179s] -- Found Threads: TRUE  
[1.321s] -- Found ament_lint_auto: 0.9.8 (/opt/ros/foxy/share/ament_lint_auto/cmake)
[1.399s] -- Found gtest sources under '/opt/ros/foxy/src/gtest_vendor': C++ tests using 'Google Test' will be built
[1.401s] -- Check if compiler accepts -pthread
[1.464s] -- Check if compiler accepts -pthread - yes
[1.468s] -- Added test 'copyright' to check source files copyright and LICENSE
[1.469s] -- Added test 'cppcheck' to perform static code analysis on C / C++ code
[1.469s] -- Configured cppcheck include dirs: 
[1.469s] -- Configured cppcheck exclude dirs and/or files: 
[1.470s] -- Added test 'cpplint' to check C / C++ code against the Google style
[1.470s] -- Configured cpplint exclude dirs and/or files: 
[1.471s] -- Added test 'lint_cmake' to check CMake code style
[1.472s] -- Added test 'uncrustify' to check C / C++ code style
[1.472s] -- Configured uncrustify additional arguments: 
[1.472s] -- Added test 'xmllint' to check XML markup files
[1.475s] -- Configuring done
[1.491s] -- Generating done
[1.498s] -- Build files have been written to: /home/bmcotonom1/DevOps/build/cpp_pubsub
[1.505s] Invoked command in '/home/bmcotonom1/DevOps/build/cpp_pubsub' returned '0': CMAKE_PREFIX_PATH=/opt/ros/foxy /usr/bin/cmake /home/bmcotonom1/DevOps/src/cpp_pubsub -DENABLE_COVERAGE=ON -DCMAKE_INSTALL_PREFIX=/home/bmcotonom1/DevOps/install/cpp_pubsub
[1.507s] Invoking command in '/home/bmcotonom1/DevOps/build/cpp_pubsub': CMAKE_PREFIX_PATH=/opt/ros/foxy /usr/bin/cmake --build /home/bmcotonom1/DevOps/build/cpp_pubsub -- -j12 -l12
[1.542s] [35m[1mScanning dependencies of target listener[0m
[1.542s] [35m[1mScanning dependencies of target talker[0m
[1.552s] [ 20%] Built target gtest
[1.552s] [ 40%] Built target gtest_main
[1.562s] [35m[1mScanning dependencies of target test_my_node[0m
[1.570s] [ 80%] Built target talker
[1.571s] [ 80%] Built target listener
[1.591s] [100%] Built target test_my_node
[1.600s] Invoked command in '/home/bmcotonom1/DevOps/build/cpp_pubsub' returned '0': CMAKE_PREFIX_PATH=/opt/ros/foxy /usr/bin/cmake --build /home/bmcotonom1/DevOps/build/cpp_pubsub -- -j12 -l12
[1.610s] Invoking command in '/home/bmcotonom1/DevOps/build/cpp_pubsub': CMAKE_PREFIX_PATH=/opt/ros/foxy /usr/bin/cmake --install /home/bmcotonom1/DevOps/build/cpp_pubsub
[1.617s] -- Install configuration: ""
[1.618s] -- Up-to-date: /home/bmcotonom1/DevOps/install/cpp_pubsub/lib/cpp_pubsub/talker
[1.618s] -- Up-to-date: /home/bmcotonom1/DevOps/install/cpp_pubsub/lib/cpp_pubsub/listener
[1.618s] -- Up-to-date: /home/bmcotonom1/DevOps/install/cpp_pubsub/share/ament_index/resource_index/package_run_dependencies/cpp_pubsub
[1.618s] -- Up-to-date: /home/bmcotonom1/DevOps/install/cpp_pubsub/share/ament_index/resource_index/parent_prefix_path/cpp_pubsub
[1.618s] -- Up-to-date: /home/bmcotonom1/DevOps/install/cpp_pubsub/share/cpp_pubsub/environment/ament_prefix_path.sh
[1.618s] -- Installing: /home/bmcotonom1/DevOps/install/cpp_pubsub/share/cpp_pubsub/environment/ament_prefix_path.dsv
[1.619s] -- Up-to-date: /home/bmcotonom1/DevOps/install/cpp_pubsub/share/cpp_pubsub/environment/path.sh
[1.619s] -- Installing: /home/bmcotonom1/DevOps/install/cpp_pubsub/share/cpp_pubsub/environment/path.dsv
[1.619s] -- Up-to-date: /home/bmcotonom1/DevOps/install/cpp_pubsub/share/cpp_pubsub/local_setup.bash
[1.619s] -- Up-to-date: /home/bmcotonom1/DevOps/install/cpp_pubsub/share/cpp_pubsub/local_setup.sh
[1.619s] -- Up-to-date: /home/bmcotonom1/DevOps/install/cpp_pubsub/share/cpp_pubsub/local_setup.zsh
[1.619s] -- Installing: /home/bmcotonom1/DevOps/install/cpp_pubsub/share/cpp_pubsub/local_setup.dsv
[1.619s] -- Installing: /home/bmcotonom1/DevOps/install/cpp_pubsub/share/cpp_pubsub/package.dsv
[1.619s] -- Up-to-date: /home/bmcotonom1/DevOps/install/cpp_pubsub/share/ament_index/resource_index/packages/cpp_pubsub
[1.619s] -- Up-to-date: /home/bmcotonom1/DevOps/install/cpp_pubsub/share/cpp_pubsub/cmake/cpp_pubsubConfig.cmake
[1.619s] -- Up-to-date: /home/bmcotonom1/DevOps/install/cpp_pubsub/share/cpp_pubsub/cmake/cpp_pubsubConfig-version.cmake
[1.619s] -- Up-to-date: /home/bmcotonom1/DevOps/install/cpp_pubsub/share/cpp_pubsub/package.xml
[1.622s] Invoked command in '/home/bmcotonom1/DevOps/build/cpp_pubsub' returned '0': CMAKE_PREFIX_PATH=/opt/ros/foxy /usr/bin/cmake --install /home/bmcotonom1/DevOps/build/cpp_pubsub
