[0.011s] Invoking command in '/home/bmcotonom1/DevOps/build/cpp_pubsub': CMAKE_PREFIX_PATH=/opt/ros/foxy /usr/bin/cmake /home/bmcotonom1/DevOps/src/cpp_pubsub -DENABLE_COVERAGE=ON -DCMAKE_INSTALL_PREFIX=/home/bmcotonom1/DevOps/install/cpp_pubsub
[0.055s] -- The C compiler identification is GNU 9.4.0
[0.099s] -- The CXX compiler identification is GNU 9.4.0
[0.103s] -- Check for working C compiler: /usr/bin/cc
[0.164s] -- Check for working C compiler: /usr/bin/cc -- works
[0.164s] -- Detecting C compiler ABI info
[0.251s] -- Detecting C compiler ABI info - done
[0.267s] -- Detecting C compile features
[0.267s] -- Detecting C compile features - done
[0.271s] -- Check for working CXX compiler: /usr/bin/c++
[0.368s] -- Check for working CXX compiler: /usr/bin/c++ -- works
[0.370s] -- Detecting CXX compiler ABI info
[0.456s] -- Detecting CXX compiler ABI info - done
[0.469s] -- Detecting CXX compile features
[0.470s] -- Detecting CXX compile features - done
[0.472s] -- Found ament_cmake: 0.9.12 (/opt/ros/foxy/share/ament_cmake/cmake)
[0.500s] -- Found PythonInterp: /usr/bin/python3 (found suitable version "3.8.10", minimum required is "3") 
[0.500s] -- Using PYTHON_EXECUTABLE: /usr/bin/python3
[0.696s] -- Found rclcpp: 2.4.3 (/opt/ros/foxy/share/rclcpp/cmake)
[0.732s] -- Using all available rosidl_typesupport_c: rosidl_typesupport_fastrtps_c;rosidl_typesupport_introspection_c
[0.737s] -- Found rosidl_adapter: 1.3.1 (/opt/ros/foxy/share/rosidl_adapter/cmake)
[0.799s] -- Found OpenSSL: /usr/lib/x86_64-linux-gnu/libcrypto.so (found version "1.1.1f")  
[0.823s] -- Found FastRTPS: /opt/ros/foxy/include  
[0.887s] -- Using all available rosidl_typesupport_cpp: rosidl_typesupport_fastrtps_cpp;rosidl_typesupport_introspection_cpp
[0.935s] -- Found rmw_implementation_cmake: 1.0.4 (/opt/ros/foxy/share/rmw_implementation_cmake/cmake)
[0.936s] -- Using RMW implementation 'rmw_fastrtps_cpp' as default
[0.937s] -- Looking for pthread.h
[0.995s] -- Looking for pthread.h - found
[0.996s] -- Performing Test CMAKE_HAVE_LIBC_PTHREAD
[1.058s] -- Performing Test CMAKE_HAVE_LIBC_PTHREAD - Failed
[1.059s] -- Looking for pthread_create in pthreads
[1.117s] -- Looking for pthread_create in pthreads - not found
[1.118s] -- Looking for pthread_create in pthread
[1.187s] -- Looking for pthread_create in pthread - found
[1.188s] -- Found Threads: TRUE  
[1.325s] CMake Error at CMakeLists.txt:47 (target_link_libraries):
[1.325s]   The plain signature for target_link_libraries has already been used with
[1.325s]   the target "cpp_pubsub_lib".  All uses of target_link_libraries with a
[1.326s]   target must be either all-keyword or all-plain.
[1.326s] 
[1.326s]   The uses of the plain signature are here:
[1.326s] 
[1.326s]    * /opt/ros/foxy/share/ament_cmake_target_dependencies/cmake/ament_target_dependencies.cmake:145 (target_link_libraries)
[1.326s] 
[1.326s] 
[1.326s] 
[1.326s] CMake Error at CMakeLists.txt:50 (target_link_libraries):
[1.326s]   The plain signature for target_link_libraries has already been used with
[1.326s]   the target "talker".  All uses of target_link_libraries with a target must
[1.326s]   be either all-keyword or all-plain.
[1.326s] 
[1.326s]   The uses of the plain signature are here:
[1.326s] 
[1.326s]    * CMakeLists.txt:37 (target_link_libraries)
[1.327s]    * /opt/ros/foxy/share/ament_cmake_target_dependencies/cmake/ament_target_dependencies.cmake:145 (target_link_libraries)
[1.327s] 
[1.327s] 
[1.327s] 
[1.327s] CMake Error at CMakeLists.txt:53 (target_link_libraries):
[1.327s]   The plain signature for target_link_libraries has already been used with
[1.327s]   the target "listener".  All uses of target_link_libraries with a target
[1.327s]   must be either all-keyword or all-plain.
[1.327s] 
[1.327s]   The uses of the plain signature are here:
[1.327s] 
[1.327s]    * CMakeLists.txt:41 (target_link_libraries)
[1.327s]    * /opt/ros/foxy/share/ament_cmake_target_dependencies/cmake/ament_target_dependencies.cmake:145 (target_link_libraries)
[1.327s] 
[1.327s] 
[1.327s] 
[1.327s] -- Found ament_lint_auto: 0.9.8 (/opt/ros/foxy/share/ament_lint_auto/cmake)
[1.401s] -- Found gtest sources under '/opt/ros/foxy/src/gtest_vendor': C++ tests using 'Google Test' will be built
[1.402s] -- Check if compiler accepts -pthread
[1.464s] -- Check if compiler accepts -pthread - yes
[1.468s] -- Added test 'copyright' to check source files copyright and LICENSE
[1.470s] -- Added test 'cppcheck' to perform static code analysis on C / C++ code
[1.470s] -- Configured cppcheck include dirs: $<BUILD_INTERFACE:/home/bmcotonom1/DevOps/src/cpp_pubsub/include>;/home/bmcotonom1/DevOps/src/cpp_pubsub/include
[1.470s] -- Configured cppcheck exclude dirs and/or files: 
[1.472s] -- Added test 'cpplint' to check C / C++ code against the Google style
[1.472s] -- Configured cpplint exclude dirs and/or files: 
[1.473s] -- Added test 'lint_cmake' to check CMake code style
[1.475s] -- Added test 'uncrustify' to check C / C++ code style
[1.475s] -- Configured uncrustify additional arguments: 
[1.476s] -- Added test 'xmllint' to check XML markup files
[1.479s] -- Configuring incomplete, errors occurred!
[1.479s] See also "/home/bmcotonom1/DevOps/build/cpp_pubsub/CMakeFiles/CMakeOutput.log".
[1.479s] See also "/home/bmcotonom1/DevOps/build/cpp_pubsub/CMakeFiles/CMakeError.log".
[1.486s] Invoked command in '/home/bmcotonom1/DevOps/build/cpp_pubsub' returned '1': CMAKE_PREFIX_PATH=/opt/ros/foxy /usr/bin/cmake /home/bmcotonom1/DevOps/src/cpp_pubsub -DENABLE_COVERAGE=ON -DCMAKE_INSTALL_PREFIX=/home/bmcotonom1/DevOps/install/cpp_pubsub
