CMake Error at CMakeLists.txt:47 (target_link_libraries):
  The plain signature for target_link_libraries has already been used with
  the target "cpp_pubsub_lib".  All uses of target_link_libraries with a
  target must be either all-keyword or all-plain.

  The uses of the plain signature are here:

   * /opt/ros/foxy/share/ament_cmake_target_dependencies/cmake/ament_target_dependencies.cmake:145 (target_link_libraries)



CMake Error at CMakeLists.txt:50 (target_link_libraries):
  The plain signature for target_link_libraries has already been used with
  the target "talker".  All uses of target_link_libraries with a target must
  be either all-keyword or all-plain.

  The uses of the plain signature are here:

   * CMakeLists.txt:37 (target_link_libraries)
   * /opt/ros/foxy/share/ament_cmake_target_dependencies/cmake/ament_target_dependencies.cmake:145 (target_link_libraries)



CMake Error at CMakeLists.txt:53 (target_link_libraries):
  The plain signature for target_link_libraries has already been used with
  the target "listener".  All uses of target_link_libraries with a target
  must be either all-keyword or all-plain.

  The uses of the plain signature are here:

   * CMakeLists.txt:41 (target_link_libraries)
   * /opt/ros/foxy/share/ament_cmake_target_dependencies/cmake/ament_target_dependencies.cmake:145 (target_link_libraries)



