[0.011s] Invoking command in '/home/bmcotonom1/DevOps/build/cpp_pubsub': CMAKE_PREFIX_PATH=/opt/ros/foxy /usr/bin/cmake /home/bmcotonom1/DevOps/src/cpp_pubsub -DENABLE_COVERAGE=ON -DCMAKE_INSTALL_PREFIX=/home/bmcotonom1/DevOps/install/cpp_pubsub
[0.056s] -- The C compiler identification is GNU 9.4.0
[0.106s] -- The CXX compiler identification is GNU 9.4.0
[0.110s] -- Check for working C compiler: /usr/bin/cc
[0.170s] -- Check for working C compiler: /usr/bin/cc -- works
[0.170s] -- Detecting C compiler ABI info
[0.236s] -- Detecting C compiler ABI info - done
[0.252s] -- Detecting C compile features
[0.252s] -- Detecting C compile features - done
[0.255s] -- Check for working CXX compiler: /usr/bin/c++
[0.323s] -- Check for working CXX compiler: /usr/bin/c++ -- works
[0.324s] -- Detecting CXX compiler ABI info
[0.392s] -- Detecting CXX compiler ABI info - done
[0.402s] -- Detecting CXX compile features
[0.402s] -- Detecting CXX compile features - done
[0.404s] -- Found ament_cmake: 0.9.12 (/opt/ros/foxy/share/ament_cmake/cmake)
[0.424s] -- Found PythonInterp: /usr/bin/python3 (found suitable version "3.8.10", minimum required is "3") 
[0.424s] -- Using PYTHON_EXECUTABLE: /usr/bin/python3
[0.619s] -- Found rclcpp: 2.4.3 (/opt/ros/foxy/share/rclcpp/cmake)
[0.654s] -- Using all available rosidl_typesupport_c: rosidl_typesupport_fastrtps_c;rosidl_typesupport_introspection_c
[0.659s] -- Found rosidl_adapter: 1.3.1 (/opt/ros/foxy/share/rosidl_adapter/cmake)
[0.721s] -- Found OpenSSL: /usr/lib/x86_64-linux-gnu/libcrypto.so (found version "1.1.1f")  
[0.745s] -- Found FastRTPS: /opt/ros/foxy/include  
[0.809s] -- Using all available rosidl_typesupport_cpp: rosidl_typesupport_fastrtps_cpp;rosidl_typesupport_introspection_cpp
[0.856s] -- Found rmw_implementation_cmake: 1.0.4 (/opt/ros/foxy/share/rmw_implementation_cmake/cmake)
[0.857s] -- Using RMW implementation 'rmw_fastrtps_cpp' as default
[0.858s] -- Looking for pthread.h
[0.917s] -- Looking for pthread.h - found
[0.917s] -- Performing Test CMAKE_HAVE_LIBC_PTHREAD
[0.981s] -- Performing Test CMAKE_HAVE_LIBC_PTHREAD - Failed
[0.981s] -- Looking for pthread_create in pthreads
[1.029s] -- Looking for pthread_create in pthreads - not found
[1.029s] -- Looking for pthread_create in pthread
[1.086s] -- Looking for pthread_create in pthread - found
[1.087s] -- Found Threads: TRUE  
[1.217s] CMake Error at CMakeLists.txt:47 (target_link_libraries):
[1.217s]   The plain signature for target_link_libraries has already been used with
[1.217s]   the target "cpp_pubsub_lib".  All uses of target_link_libraries with a
[1.217s]   target must be either all-keyword or all-plain.
[1.217s] 
[1.217s]   The uses of the plain signature are here:
[1.217s] 
[1.217s]    * /opt/ros/foxy/share/ament_cmake_target_dependencies/cmake/ament_target_dependencies.cmake:145 (target_link_libraries)
[1.217s] 
[1.217s] 
[1.217s] 
[1.217s] CMake Error at CMakeLists.txt:50 (target_link_libraries):
[1.217s]   The plain signature for target_link_libraries has already been used with
[1.217s]   the target "talker".  All uses of target_link_libraries with a target must
[1.218s]   be either all-keyword or all-plain.
[1.218s] 
[1.218s]   The uses of the plain signature are here:
[1.218s] 
[1.218s]    * CMakeLists.txt:37 (target_link_libraries)
[1.218s]    * /opt/ros/foxy/share/ament_cmake_target_dependencies/cmake/ament_target_dependencies.cmake:145 (target_link_libraries)
[1.218s] 
[1.218s] 
[1.218s] 
[1.218s] CMake Error at CMakeLists.txt:53 (target_link_libraries):
[1.218s]   The plain signature for target_link_libraries has already been used with
[1.218s]   the target "listener".  All uses of target_link_libraries with a target
[1.218s]   must be either all-keyword or all-plain.
[1.218s] 
[1.218s]   The uses of the plain signature are here:
[1.218s] 
[1.218s]    * CMakeLists.txt:41 (target_link_libraries)
[1.218s]    * /opt/ros/foxy/share/ament_cmake_target_dependencies/cmake/ament_target_dependencies.cmake:145 (target_link_libraries)
[1.218s] 
[1.219s] 
[1.219s] 
[1.219s] -- Found ament_lint_auto: 0.9.8 (/opt/ros/foxy/share/ament_lint_auto/cmake)
[1.292s] -- Found gtest sources under '/opt/ros/foxy/src/gtest_vendor': C++ tests using 'Google Test' will be built
[1.293s] -- Check if compiler accepts -pthread
[1.357s] -- Check if compiler accepts -pthread - yes
[1.361s] -- Added test 'copyright' to check source files copyright and LICENSE
[1.363s] -- Added test 'cppcheck' to perform static code analysis on C / C++ code
[1.364s] -- Configured cppcheck include dirs: $<BUILD_INTERFACE:/home/bmcotonom1/DevOps/src/cpp_pubsub/include>;/home/bmcotonom1/DevOps/src/cpp_pubsub/include
[1.364s] -- Configured cppcheck exclude dirs and/or files: 
[1.366s] -- Added test 'cpplint' to check C / C++ code against the Google style
[1.366s] -- Configured cpplint exclude dirs and/or files: 
[1.367s] -- Added test 'lint_cmake' to check CMake code style
[1.369s] -- Added test 'uncrustify' to check C / C++ code style
[1.369s] -- Configured uncrustify additional arguments: 
[1.369s] -- Added test 'xmllint' to check XML markup files
[1.372s] -- Configuring incomplete, errors occurred!
[1.372s] See also "/home/bmcotonom1/DevOps/build/cpp_pubsub/CMakeFiles/CMakeOutput.log".
[1.372s] See also "/home/bmcotonom1/DevOps/build/cpp_pubsub/CMakeFiles/CMakeError.log".
[1.380s] Invoked command in '/home/bmcotonom1/DevOps/build/cpp_pubsub' returned '1': CMAKE_PREFIX_PATH=/opt/ros/foxy /usr/bin/cmake /home/bmcotonom1/DevOps/src/cpp_pubsub -DENABLE_COVERAGE=ON -DCMAKE_INSTALL_PREFIX=/home/bmcotonom1/DevOps/install/cpp_pubsub
