[0.011s] Invoking command in '/home/bmcotonom1/DevOps/build/cpp_pubsub': CMAKE_PREFIX_PATH=/opt/ros/foxy /usr/bin/cmake /home/bmcotonom1/DevOps/src/cpp_pubsub -DENABLE_COVERAGE=ON -DCMAKE_INSTALL_PREFIX=/home/bmcotonom1/DevOps/install/cpp_pubsub
[0.063s] -- The C compiler identification is GNU 9.4.0
[0.113s] -- The CXX compiler identification is GNU 9.4.0
[0.118s] -- Check for working C compiler: /usr/bin/cc
[0.179s] -- Check for working C compiler: /usr/bin/cc -- works
[0.180s] -- Detecting C compiler ABI info
[0.241s] -- Detecting C compiler ABI info - done
[0.252s] -- Detecting C compile features
[0.252s] -- Detecting C compile features - done
[0.255s] -- Check for working CXX compiler: /usr/bin/c++
[0.326s] -- Check for working CXX compiler: /usr/bin/c++ -- works
[0.327s] -- Detecting CXX compiler ABI info
[0.400s] -- Detecting CXX compiler ABI info - done
[0.411s] -- Detecting CXX compile features
[0.411s] -- Detecting CXX compile features - done
[0.413s] -- Found ament_cmake: 0.9.12 (/opt/ros/foxy/share/ament_cmake/cmake)
[0.437s] -- Found PythonInterp: /usr/bin/python3 (found suitable version "3.8.10", minimum required is "3") 
[0.437s] -- Using PYTHON_EXECUTABLE: /usr/bin/python3
[0.638s] -- Found rclcpp: 2.4.3 (/opt/ros/foxy/share/rclcpp/cmake)
[0.673s] -- Using all available rosidl_typesupport_c: rosidl_typesupport_fastrtps_c;rosidl_typesupport_introspection_c
[0.678s] -- Found rosidl_adapter: 1.3.1 (/opt/ros/foxy/share/rosidl_adapter/cmake)
[0.741s] -- Found OpenSSL: /usr/lib/x86_64-linux-gnu/libcrypto.so (found version "1.1.1f")  
[0.765s] -- Found FastRTPS: /opt/ros/foxy/include  
[0.829s] -- Using all available rosidl_typesupport_cpp: rosidl_typesupport_fastrtps_cpp;rosidl_typesupport_introspection_cpp
[0.876s] -- Found rmw_implementation_cmake: 1.0.4 (/opt/ros/foxy/share/rmw_implementation_cmake/cmake)
[0.877s] -- Using RMW implementation 'rmw_fastrtps_cpp' as default
[0.877s] -- Looking for pthread.h
[0.939s] -- Looking for pthread.h - found
[0.940s] -- Performing Test CMAKE_HAVE_LIBC_PTHREAD
[1.058s] -- Performing Test CMAKE_HAVE_LIBC_PTHREAD - Failed
[1.058s] -- Looking for pthread_create in pthreads
[1.131s] -- Looking for pthread_create in pthreads - not found
[1.131s] -- Looking for pthread_create in pthread
[1.206s] -- Looking for pthread_create in pthread - found
[1.208s] -- Found Threads: TRUE  
[1.355s] CMake Error at CMakeLists.txt:28 (target_link_libraries):
[1.355s]   The plain signature for target_link_libraries has already been used with
[1.355s]   the target "talker".  All uses of target_link_libraries with a target must
[1.355s]   be either all-keyword or all-plain.
[1.355s] 
[1.355s]   The uses of the plain signature are here:
[1.356s] 
[1.356s]    * /opt/ros/foxy/share/ament_cmake_target_dependencies/cmake/ament_target_dependencies.cmake:145 (target_link_libraries)
[1.356s] 
[1.356s] 
[1.356s] 
[1.356s] CMake Error at CMakeLists.txt:31 (target_link_libraries):
[1.356s]   The plain signature for target_link_libraries has already been used with
[1.356s]   the target "listener".  All uses of target_link_libraries with a target
[1.356s]   must be either all-keyword or all-plain.
[1.357s] 
[1.357s]   The uses of the plain signature are here:
[1.357s] 
[1.357s]    * /opt/ros/foxy/share/ament_cmake_target_dependencies/cmake/ament_target_dependencies.cmake:145 (target_link_libraries)
[1.357s] 
[1.357s] 
[1.357s] 
[1.357s] -- Found ament_lint_auto: 0.9.8 (/opt/ros/foxy/share/ament_lint_auto/cmake)
[1.443s] -- Found gtest sources under '/opt/ros/foxy/src/gtest_vendor': C++ tests using 'Google Test' will be built
[1.445s] -- Check if compiler accepts -pthread
[1.507s] -- Check if compiler accepts -pthread - yes
[1.511s] -- Added test 'copyright' to check source files copyright and LICENSE
[1.513s] -- Added test 'cppcheck' to perform static code analysis on C / C++ code
[1.513s] -- Configured cppcheck include dirs: 
[1.513s] -- Configured cppcheck exclude dirs and/or files: 
[1.515s] -- Added test 'cpplint' to check C / C++ code against the Google style
[1.515s] -- Configured cpplint exclude dirs and/or files: 
[1.516s] -- Added test 'lint_cmake' to check CMake code style
[1.517s] -- Added test 'uncrustify' to check C / C++ code style
[1.518s] -- Configured uncrustify additional arguments: 
[1.518s] -- Added test 'xmllint' to check XML markup files
[1.521s] -- Configuring incomplete, errors occurred!
[1.521s] See also "/home/bmcotonom1/DevOps/build/cpp_pubsub/CMakeFiles/CMakeOutput.log".
[1.521s] See also "/home/bmcotonom1/DevOps/build/cpp_pubsub/CMakeFiles/CMakeError.log".
[1.527s] Invoked command in '/home/bmcotonom1/DevOps/build/cpp_pubsub' returned '1': CMAKE_PREFIX_PATH=/opt/ros/foxy /usr/bin/cmake /home/bmcotonom1/DevOps/src/cpp_pubsub -DENABLE_COVERAGE=ON -DCMAKE_INSTALL_PREFIX=/home/bmcotonom1/DevOps/install/cpp_pubsub
