CMake Error at /opt/ros/foxy/share/ament_cmake_target_dependencies/cmake/ament_target_dependencies.cmake:145 (target_link_libraries):
  The keyword signature for target_link_libraries has already been used with
  the target "talker".  All uses of target_link_libraries with a target must
  be either all-keyword or all-plain.

  The uses of the keyword signature are here:

   * CMakeLists.txt:37 (target_link_libraries)

Call Stack (most recent call first):
  CMakeLists.txt:38 (ament_target_dependencies)


CMake Error at /opt/ros/foxy/share/ament_cmake_target_dependencies/cmake/ament_target_dependencies.cmake:145 (target_link_libraries):
  The keyword signature for target_link_libraries has already been used with
  the target "listener".  All uses of target_link_libraries with a target
  must be either all-keyword or all-plain.

  The uses of the keyword signature are here:

   * CMakeLists.txt:41 (target_link_libraries)

Call Stack (most recent call first):
  CMakeLists.txt:42 (ament_target_dependencies)


CMake Error at CMakeLists.txt:48 (target_link_libraries):
  The plain signature for target_link_libraries has already been used with
  the target "cpp_pubsub_lib".  All uses of target_link_libraries with a
  target must be either all-keyword or all-plain.

  The uses of the plain signature are here:

   * /opt/ros/foxy/share/ament_cmake_target_dependencies/cmake/ament_target_dependencies.cmake:145 (target_link_libraries)



CMake Error at CMakeLists.txt:51 (target_link_libraries):
  The plain signature for target_link_libraries has already been used with
  the target "talker".  All uses of target_link_libraries with a target must
  be either all-keyword or all-plain.

  The uses of the plain signature are here:

   * /opt/ros/foxy/share/ament_cmake_target_dependencies/cmake/ament_target_dependencies.cmake:145 (target_link_libraries)



CMake Error at CMakeLists.txt:54 (target_link_libraries):
  The plain signature for target_link_libraries has already been used with
  the target "listener".  All uses of target_link_libraries with a target
  must be either all-keyword or all-plain.

  The uses of the plain signature are here:

   * /opt/ros/foxy/share/ament_cmake_target_dependencies/cmake/ament_target_dependencies.cmake:145 (target_link_libraries)



CMake Error at CMakeLists.txt:74 (target_link_libraries):
  The plain signature for target_link_libraries has already been used with
  the target "test_my_node".  All uses of target_link_libraries with a target
  must be either all-keyword or all-plain.

  The uses of the plain signature are here:

   * /opt/ros/foxy/share/ament_cmake_gtest/cmake/ament_add_gtest_executable.cmake:53 (target_link_libraries)
   * /opt/ros/foxy/share/ament_cmake_gtest/cmake/ament_add_gtest_executable.cmake:55 (target_link_libraries)
   * /opt/ros/foxy/share/ament_cmake_gtest/cmake/ament_add_gtest_executable.cmake:59 (target_link_libraries)
   * /opt/ros/foxy/share/ament_cmake_target_dependencies/cmake/ament_target_dependencies.cmake:145 (target_link_libraries)



