[0.011s] Invoking command in '/home/bmcotonom1/DevOps/build/cpp_pubsub': CMAKE_PREFIX_PATH=/opt/ros/foxy /usr/bin/cmake /home/bmcotonom1/DevOps/src/cpp_pubsub -DENABLE_COVERAGE=ON -DCMAKE_INSTALL_PREFIX=/home/bmcotonom1/DevOps/install/cpp_pubsub
[0.055s] -- The C compiler identification is GNU 9.4.0
[0.103s] -- The CXX compiler identification is GNU 9.4.0
[0.108s] -- Check for working C compiler: /usr/bin/cc
[0.178s] -- Check for working C compiler: /usr/bin/cc -- works
[0.179s] -- Detecting C compiler ABI info
[0.251s] -- Detecting C compiler ABI info - done
[0.267s] -- Detecting C compile features
[0.267s] -- Detecting C compile features - done
[0.270s] -- Check for working CXX compiler: /usr/bin/c++
[0.339s] -- Check for working CXX compiler: /usr/bin/c++ -- works
[0.340s] -- Detecting CXX compiler ABI info
[0.410s] -- Detecting CXX compiler ABI info - done
[0.421s] -- Detecting CXX compile features
[0.422s] -- Detecting CXX compile features - done
[0.423s] -- Found ament_cmake: 0.9.12 (/opt/ros/foxy/share/ament_cmake/cmake)
[0.446s] -- Found PythonInterp: /usr/bin/python3 (found suitable version "3.8.10", minimum required is "3") 
[0.446s] -- Using PYTHON_EXECUTABLE: /usr/bin/python3
[0.642s] -- Found rclcpp: 2.4.3 (/opt/ros/foxy/share/rclcpp/cmake)
[0.676s] -- Using all available rosidl_typesupport_c: rosidl_typesupport_fastrtps_c;rosidl_typesupport_introspection_c
[0.681s] -- Found rosidl_adapter: 1.3.1 (/opt/ros/foxy/share/rosidl_adapter/cmake)
[0.744s] -- Found OpenSSL: /usr/lib/x86_64-linux-gnu/libcrypto.so (found version "1.1.1f")  
[0.768s] -- Found FastRTPS: /opt/ros/foxy/include  
[0.831s] -- Using all available rosidl_typesupport_cpp: rosidl_typesupport_fastrtps_cpp;rosidl_typesupport_introspection_cpp
[0.878s] -- Found rmw_implementation_cmake: 1.0.4 (/opt/ros/foxy/share/rmw_implementation_cmake/cmake)
[0.879s] -- Using RMW implementation 'rmw_fastrtps_cpp' as default
[0.880s] -- Looking for pthread.h
[0.939s] -- Looking for pthread.h - found
[0.939s] -- Performing Test CMAKE_HAVE_LIBC_PTHREAD
[1.008s] -- Performing Test CMAKE_HAVE_LIBC_PTHREAD - Failed
[1.008s] -- Looking for pthread_create in pthreads
[1.056s] -- Looking for pthread_create in pthreads - not found
[1.056s] -- Looking for pthread_create in pthread
[1.115s] -- Looking for pthread_create in pthread - found
[1.116s] -- Found Threads: TRUE  
[1.255s] CMake Error at /opt/ros/foxy/share/ament_cmake_target_dependencies/cmake/ament_target_dependencies.cmake:145 (target_link_libraries):
[1.255s]   The keyword signature for target_link_libraries has already been used with
[1.255s]   the target "talker".  All uses of target_link_libraries with a target must
[1.255s]   be either all-keyword or all-plain.
[1.255s] 
[1.255s]   The uses of the keyword signature are here:
[1.255s] 
[1.255s]    * CMakeLists.txt:37 (target_link_libraries)
[1.255s] 
[1.255s] Call Stack (most recent call first):
[1.255s]   CMakeLists.txt:38 (ament_target_dependencies)
[1.256s] 
[1.256s] 
[1.256s] CMake Error at /opt/ros/foxy/share/ament_cmake_target_dependencies/cmake/ament_target_dependencies.cmake:145 (target_link_libraries):
[1.256s]   The keyword signature for target_link_libraries has already been used with
[1.256s]   the target "listener".  All uses of target_link_libraries with a target
[1.256s]   must be either all-keyword or all-plain.
[1.256s] 
[1.256s]   The uses of the keyword signature are here:
[1.256s] 
[1.256s]    * CMakeLists.txt:41 (target_link_libraries)
[1.256s] 
[1.256s] Call Stack (most recent call first):
[1.256s]   CMakeLists.txt:42 (ament_target_dependencies)
[1.256s] 
[1.256s] 
[1.256s] CMake Error at CMakeLists.txt:48 (target_link_libraries):
[1.256s]   The plain signature for target_link_libraries has already been used with
[1.257s]   the target "cpp_pubsub_lib".  All uses of target_link_libraries with a
[1.257s]   target must be either all-keyword or all-plain.
[1.257s] 
[1.257s]   The uses of the plain signature are here:
[1.257s] 
[1.257s]    * /opt/ros/foxy/share/ament_cmake_target_dependencies/cmake/ament_target_dependencies.cmake:145 (target_link_libraries)
[1.257s] 
[1.257s] 
[1.257s] 
[1.257s] CMake Error at CMakeLists.txt:51 (target_link_libraries):
[1.257s]   The plain signature for target_link_libraries has already been used with
[1.257s]   the target "talker".  All uses of target_link_libraries with a target must
[1.257s]   be either all-keyword or all-plain.
[1.257s] 
[1.257s]   The uses of the plain signature are here:
[1.257s] 
[1.257s]    * /opt/ros/foxy/share/ament_cmake_target_dependencies/cmake/ament_target_dependencies.cmake:145 (target_link_libraries)
[1.257s] 
[1.257s] 
[1.257s] 
[1.258s] CMake Error at CMakeLists.txt:54 (target_link_libraries):
[1.258s]   The plain signature for target_link_libraries has already been used with
[1.258s]   the target "listener".  All uses of target_link_libraries with a target
[1.258s]   must be either all-keyword or all-plain.
[1.258s] 
[1.258s]   The uses of the plain signature are here:
[1.258s] 
[1.258s]    * /opt/ros/foxy/share/ament_cmake_target_dependencies/cmake/ament_target_dependencies.cmake:145 (target_link_libraries)
[1.258s] 
[1.258s] 
[1.258s] 
[1.258s] -- Found ament_lint_auto: 0.9.8 (/opt/ros/foxy/share/ament_lint_auto/cmake)
[1.331s] -- Found gtest sources under '/opt/ros/foxy/src/gtest_vendor': C++ tests using 'Google Test' will be built
[1.333s] -- Check if compiler accepts -pthread
[1.412s] -- Check if compiler accepts -pthread - yes
[1.416s] CMake Error at CMakeLists.txt:74 (target_link_libraries):
[1.416s]   The plain signature for target_link_libraries has already been used with
[1.417s]   the target "test_my_node".  All uses of target_link_libraries with a target
[1.417s]   must be either all-keyword or all-plain.
[1.417s] 
[1.417s]   The uses of the plain signature are here:
[1.417s] 
[1.417s]    * /opt/ros/foxy/share/ament_cmake_gtest/cmake/ament_add_gtest_executable.cmake:53 (target_link_libraries)
[1.417s]    * /opt/ros/foxy/share/ament_cmake_gtest/cmake/ament_add_gtest_executable.cmake:55 (target_link_libraries)
[1.417s]    * /opt/ros/foxy/share/ament_cmake_gtest/cmake/ament_add_gtest_executable.cmake:59 (target_link_libraries)
[1.417s]    * /opt/ros/foxy/share/ament_cmake_target_dependencies/cmake/ament_target_dependencies.cmake:145 (target_link_libraries)
[1.418s] 
[1.418s] 
[1.418s] 
[1.421s] -- Added test 'copyright' to check source files copyright and LICENSE
[1.425s] -- Added test 'cppcheck' to perform static code analysis on C / C++ code
[1.425s] -- Configured cppcheck include dirs: $<BUILD_INTERFACE:/home/bmcotonom1/DevOps/src/cpp_pubsub/include>;/home/bmcotonom1/DevOps/src/cpp_pubsub/include
[1.426s] -- Configured cppcheck exclude dirs and/or files: 
[1.429s] -- Added test 'cpplint' to check C / C++ code against the Google style
[1.429s] -- Configured cpplint exclude dirs and/or files: 
[1.431s] -- Added test 'lint_cmake' to check CMake code style
[1.435s] -- Added test 'uncrustify' to check C / C++ code style
[1.435s] -- Configured uncrustify additional arguments: 
[1.436s] -- Added test 'xmllint' to check XML markup files
[1.442s] -- Configuring incomplete, errors occurred!
[1.442s] See also "/home/bmcotonom1/DevOps/build/cpp_pubsub/CMakeFiles/CMakeOutput.log".
[1.442s] See also "/home/bmcotonom1/DevOps/build/cpp_pubsub/CMakeFiles/CMakeError.log".
[1.449s] Invoked command in '/home/bmcotonom1/DevOps/build/cpp_pubsub' returned '1': CMAKE_PREFIX_PATH=/opt/ros/foxy /usr/bin/cmake /home/bmcotonom1/DevOps/src/cpp_pubsub -DENABLE_COVERAGE=ON -DCMAKE_INSTALL_PREFIX=/home/bmcotonom1/DevOps/install/cpp_pubsub
