[0.010s] Invoking command in '/home/bmcotonom1/DevOps/build/cpp_pubsub': CMAKE_PREFIX_PATH=/opt/ros/foxy /usr/bin/cmake /home/bmcotonom1/DevOps/src/cpp_pubsub -DENABLE_COVERAGE=ON -DCMAKE_INSTALL_PREFIX=/home/bmcotonom1/DevOps/install/cpp_pubsub
[0.058s] -- The C compiler identification is GNU 9.4.0
[0.102s] -- The CXX compiler identification is GNU 9.4.0
[0.106s] -- Check for working C compiler: /usr/bin/cc
[0.162s] -- Check for working C compiler: /usr/bin/cc -- works
[0.163s] -- Detecting C compiler ABI info
[0.229s] -- Detecting C compiler ABI info - done
[0.244s] -- Detecting C compile features
[0.244s] -- Detecting C compile features - done
[0.247s] -- Check for working CXX compiler: /usr/bin/c++
[0.332s] -- Check for working CXX compiler: /usr/bin/c++ -- works
[0.333s] -- Detecting CXX compiler ABI info
[0.418s] -- Detecting CXX compiler ABI info - done
[0.430s] -- Detecting CXX compile features
[0.431s] -- Detecting CXX compile features - done
[0.433s] -- Found ament_cmake: 0.9.12 (/opt/ros/foxy/share/ament_cmake/cmake)
[0.457s] -- Found PythonInterp: /usr/bin/python3 (found suitable version "3.8.10", minimum required is "3") 
[0.457s] -- Using PYTHON_EXECUTABLE: /usr/bin/python3
[0.658s] -- Found rclcpp: 2.4.3 (/opt/ros/foxy/share/rclcpp/cmake)
[0.693s] -- Using all available rosidl_typesupport_c: rosidl_typesupport_fastrtps_c;rosidl_typesupport_introspection_c
[0.699s] -- Found rosidl_adapter: 1.3.1 (/opt/ros/foxy/share/rosidl_adapter/cmake)
[0.762s] -- Found OpenSSL: /usr/lib/x86_64-linux-gnu/libcrypto.so (found version "1.1.1f")  
[0.786s] -- Found FastRTPS: /opt/ros/foxy/include  
[0.851s] -- Using all available rosidl_typesupport_cpp: rosidl_typesupport_fastrtps_cpp;rosidl_typesupport_introspection_cpp
[0.898s] -- Found rmw_implementation_cmake: 1.0.4 (/opt/ros/foxy/share/rmw_implementation_cmake/cmake)
[0.900s] -- Using RMW implementation 'rmw_fastrtps_cpp' as default
[0.900s] -- Looking for pthread.h
[0.961s] -- Looking for pthread.h - found
[0.961s] -- Performing Test CMAKE_HAVE_LIBC_PTHREAD
[1.022s] -- Performing Test CMAKE_HAVE_LIBC_PTHREAD - Failed
[1.022s] -- Looking for pthread_create in pthreads
[1.073s] -- Looking for pthread_create in pthreads - not found
[1.073s] -- Looking for pthread_create in pthread
[1.139s] -- Looking for pthread_create in pthread - found
[1.140s] -- Found Threads: TRUE  
[1.277s] -- Building with code coverage enabled
[1.278s] -- Found ament_lint_auto: 0.9.8 (/opt/ros/foxy/share/ament_lint_auto/cmake)
[1.354s] -- Found gtest sources under '/opt/ros/foxy/src/gtest_vendor': C++ tests using 'Google Test' will be built
[1.356s] -- Check if compiler accepts -pthread
[1.418s] -- Check if compiler accepts -pthread - yes
[1.423s] -- Added test 'copyright' to check source files copyright and LICENSE
[1.424s] -- Added test 'cppcheck' to perform static code analysis on C / C++ code
[1.425s] -- Configured cppcheck include dirs: 
[1.425s] -- Configured cppcheck exclude dirs and/or files: 
[1.426s] -- Added test 'cpplint' to check C / C++ code against the Google style
[1.426s] -- Configured cpplint exclude dirs and/or files: 
[1.427s] -- Added test 'lint_cmake' to check CMake code style
[1.429s] -- Added test 'uncrustify' to check C / C++ code style
[1.429s] -- Configured uncrustify additional arguments: 
[1.430s] -- Added test 'xmllint' to check XML markup files
[1.433s] -- Configuring done
[1.447s] -- Generating done
[1.453s] -- Build files have been written to: /home/bmcotonom1/DevOps/build/cpp_pubsub
[1.458s] Invoked command in '/home/bmcotonom1/DevOps/build/cpp_pubsub' returned '0': CMAKE_PREFIX_PATH=/opt/ros/foxy /usr/bin/cmake /home/bmcotonom1/DevOps/src/cpp_pubsub -DENABLE_COVERAGE=ON -DCMAKE_INSTALL_PREFIX=/home/bmcotonom1/DevOps/install/cpp_pubsub
[1.461s] Invoking command in '/home/bmcotonom1/DevOps/build/cpp_pubsub': CMAKE_PREFIX_PATH=/opt/ros/foxy /usr/bin/cmake --build /home/bmcotonom1/DevOps/build/cpp_pubsub -- -j12 -l12
[1.493s] [35m[1mScanning dependencies of target gtest_main[0m
[1.493s] [35m[1mScanning dependencies of target listener[0m
[1.494s] [35m[1mScanning dependencies of target gtest[0m
[1.494s] [35m[1mScanning dependencies of target talker[0m
[1.506s] [ 10%] [32mBuilding CXX object gtest/CMakeFiles/gtest_main.dir/src/gtest_main.cc.o[0m
[1.508s] [ 20%] [32mBuilding CXX object gtest/CMakeFiles/gtest.dir/src/gtest-all.cc.o[0m
[1.525s] [ 40%] [32mBuilding CXX object CMakeFiles/listener.dir/src/subscriber_member_function.cpp.o[0m
[1.525s] [ 40%] [32mBuilding CXX object CMakeFiles/talker.dir/src/publisher_member_function.cpp.o[0m
[2.127s] [ 50%] [32m[1mLinking CXX static library libgtest_main.a[0m
[2.157s] [ 50%] Built target gtest_main
[3.964s] [ 60%] [32m[1mLinking CXX executable talker[0m
[4.102s] [ 60%] Built target talker
[5.298s] [ 70%] [32m[1mLinking CXX executable listener[0m
[5.316s] [ 80%] [32m[1mLinking CXX static library libgtest.a[0m
[5.376s] [ 80%] Built target gtest
[5.386s] [35m[1mScanning dependencies of target test_my_node[0m
[5.421s] [ 90%] [32mBuilding CXX object CMakeFiles/test_my_node.dir/test/test_my_node.cpp.o[0m
[5.495s] [ 90%] Built target listener
[7.289s] [100%] [32m[1mLinking CXX executable test_my_node[0m
[7.440s] [100%] Built target test_my_node
[7.449s] Invoked command in '/home/bmcotonom1/DevOps/build/cpp_pubsub' returned '0': CMAKE_PREFIX_PATH=/opt/ros/foxy /usr/bin/cmake --build /home/bmcotonom1/DevOps/build/cpp_pubsub -- -j12 -l12
[7.460s] Invoking command in '/home/bmcotonom1/DevOps/build/cpp_pubsub': CMAKE_PREFIX_PATH=/opt/ros/foxy /usr/bin/cmake --install /home/bmcotonom1/DevOps/build/cpp_pubsub
[7.466s] -- Install configuration: ""
[7.466s] -- Installing: /home/bmcotonom1/DevOps/install/cpp_pubsub/lib/cpp_pubsub/talker
[7.467s] -- Set runtime path of "/home/bmcotonom1/DevOps/install/cpp_pubsub/lib/cpp_pubsub/talker" to ""
[7.467s] -- Up-to-date: /home/bmcotonom1/DevOps/install/cpp_pubsub/lib/cpp_pubsub/talker
[7.467s] -- Installing: /home/bmcotonom1/DevOps/install/cpp_pubsub/lib/cpp_pubsub/listener
[7.469s] -- Set runtime path of "/home/bmcotonom1/DevOps/install/cpp_pubsub/lib/cpp_pubsub/listener" to ""
[7.469s] -- Installing: /home/bmcotonom1/DevOps/install/cpp_pubsub/share/ament_index/resource_index/package_run_dependencies/cpp_pubsub
[7.470s] -- Installing: /home/bmcotonom1/DevOps/install/cpp_pubsub/share/ament_index/resource_index/parent_prefix_path/cpp_pubsub
[7.470s] -- Installing: /home/bmcotonom1/DevOps/install/cpp_pubsub/share/cpp_pubsub/environment/ament_prefix_path.sh
[7.470s] -- Installing: /home/bmcotonom1/DevOps/install/cpp_pubsub/share/cpp_pubsub/environment/ament_prefix_path.dsv
[7.470s] -- Installing: /home/bmcotonom1/DevOps/install/cpp_pubsub/share/cpp_pubsub/environment/path.sh
[7.470s] -- Installing: /home/bmcotonom1/DevOps/install/cpp_pubsub/share/cpp_pubsub/environment/path.dsv
[7.470s] -- Installing: /home/bmcotonom1/DevOps/install/cpp_pubsub/share/cpp_pubsub/local_setup.bash
[7.470s] -- Installing: /home/bmcotonom1/DevOps/install/cpp_pubsub/share/cpp_pubsub/local_setup.sh
[7.470s] -- Installing: /home/bmcotonom1/DevOps/install/cpp_pubsub/share/cpp_pubsub/local_setup.zsh
[7.471s] -- Installing: /home/bmcotonom1/DevOps/install/cpp_pubsub/share/cpp_pubsub/local_setup.dsv
[7.471s] -- Installing: /home/bmcotonom1/DevOps/install/cpp_pubsub/share/cpp_pubsub/package.dsv
[7.471s] -- Installing: /home/bmcotonom1/DevOps/install/cpp_pubsub/share/ament_index/resource_index/packages/cpp_pubsub
[7.471s] -- Installing: /home/bmcotonom1/DevOps/install/cpp_pubsub/share/cpp_pubsub/cmake/cpp_pubsubConfig.cmake
[7.471s] -- Installing: /home/bmcotonom1/DevOps/install/cpp_pubsub/share/cpp_pubsub/cmake/cpp_pubsubConfig-version.cmake
[7.471s] -- Installing: /home/bmcotonom1/DevOps/install/cpp_pubsub/share/cpp_pubsub/package.xml
[7.473s] Invoked command in '/home/bmcotonom1/DevOps/build/cpp_pubsub' returned '0': CMAKE_PREFIX_PATH=/opt/ros/foxy /usr/bin/cmake --install /home/bmcotonom1/DevOps/build/cpp_pubsub
