[0.011s] Invoking command in '/home/bmcotonom1/DevOps/build/cpp_pubsub': CMAKE_PREFIX_PATH=/opt/ros/foxy /usr/bin/cmake /home/bmcotonom1/DevOps/src/cpp_pubsub -DENABLE_COVERAGE=ON -DCMAKE_INSTALL_PREFIX=/home/bmcotonom1/DevOps/install/cpp_pubsub
[0.056s] -- The C compiler identification is GNU 9.4.0
[0.104s] -- The CXX compiler identification is GNU 9.4.0
[0.107s] -- Check for working C compiler: /usr/bin/cc
[0.167s] -- Check for working C compiler: /usr/bin/cc -- works
[0.168s] -- Detecting C compiler ABI info
[0.238s] -- Detecting C compiler ABI info - done
[0.250s] -- Detecting C compile features
[0.250s] -- Detecting C compile features - done
[0.253s] -- Check for working CXX compiler: /usr/bin/c++
[0.334s] -- Check for working CXX compiler: /usr/bin/c++ -- works
[0.335s] -- Detecting CXX compiler ABI info
[0.401s] -- Detecting CXX compiler ABI info - done
[0.411s] -- Detecting CXX compile features
[0.412s] -- Detecting CXX compile features - done
[0.413s] -- Found ament_cmake: 0.9.12 (/opt/ros/foxy/share/ament_cmake/cmake)
[0.435s] -- Found PythonInterp: /usr/bin/python3 (found suitable version "3.8.10", minimum required is "3") 
[0.435s] -- Using PYTHON_EXECUTABLE: /usr/bin/python3
[0.636s] -- Found rclcpp: 2.4.3 (/opt/ros/foxy/share/rclcpp/cmake)
[0.673s] -- Using all available rosidl_typesupport_c: rosidl_typesupport_fastrtps_c;rosidl_typesupport_introspection_c
[0.678s] -- Found rosidl_adapter: 1.3.1 (/opt/ros/foxy/share/rosidl_adapter/cmake)
[0.744s] -- Found OpenSSL: /usr/lib/x86_64-linux-gnu/libcrypto.so (found version "1.1.1f")  
[0.770s] -- Found FastRTPS: /opt/ros/foxy/include  
[0.838s] -- Using all available rosidl_typesupport_cpp: rosidl_typesupport_fastrtps_cpp;rosidl_typesupport_introspection_cpp
[0.887s] -- Found rmw_implementation_cmake: 1.0.4 (/opt/ros/foxy/share/rmw_implementation_cmake/cmake)
[0.888s] -- Using RMW implementation 'rmw_fastrtps_cpp' as default
[0.889s] -- Looking for pthread.h
[0.951s] -- Looking for pthread.h - found
[0.951s] -- Performing Test CMAKE_HAVE_LIBC_PTHREAD
[1.044s] -- Performing Test CMAKE_HAVE_LIBC_PTHREAD - Failed
[1.044s] -- Looking for pthread_create in pthreads
[1.155s] -- Looking for pthread_create in pthreads - not found
[1.155s] -- Looking for pthread_create in pthread
[1.286s] -- Looking for pthread_create in pthread - found
[1.288s] -- Found Threads: TRUE  
[1.453s] -- Found ament_lint_auto: 0.9.8 (/opt/ros/foxy/share/ament_lint_auto/cmake)
[1.530s] -- Found gtest sources under '/opt/ros/foxy/src/gtest_vendor': C++ tests using 'Google Test' will be built
[1.532s] -- Check if compiler accepts -pthread
[1.597s] -- Check if compiler accepts -pthread - yes
[1.601s] -- Added test 'copyright' to check source files copyright and LICENSE
[1.603s] -- Added test 'cppcheck' to perform static code analysis on C / C++ code
[1.603s] -- Configured cppcheck include dirs: 
[1.603s] -- Configured cppcheck exclude dirs and/or files: 
[1.605s] -- Added test 'cpplint' to check C / C++ code against the Google style
[1.605s] -- Configured cpplint exclude dirs and/or files: 
[1.606s] -- Added test 'lint_cmake' to check CMake code style
[1.608s] -- Added test 'uncrustify' to check C / C++ code style
[1.608s] -- Configured uncrustify additional arguments: 
[1.608s] -- Added test 'xmllint' to check XML markup files
[1.611s] -- Configuring done
[1.626s] -- Generating done
[1.634s] -- Build files have been written to: /home/bmcotonom1/DevOps/build/cpp_pubsub
[1.642s] Invoked command in '/home/bmcotonom1/DevOps/build/cpp_pubsub' returned '0': CMAKE_PREFIX_PATH=/opt/ros/foxy /usr/bin/cmake /home/bmcotonom1/DevOps/src/cpp_pubsub -DENABLE_COVERAGE=ON -DCMAKE_INSTALL_PREFIX=/home/bmcotonom1/DevOps/install/cpp_pubsub
[1.646s] Invoking command in '/home/bmcotonom1/DevOps/build/cpp_pubsub': CMAKE_PREFIX_PATH=/opt/ros/foxy /usr/bin/cmake --build /home/bmcotonom1/DevOps/build/cpp_pubsub -- -j12 -l12
[1.686s] [35m[1mScanning dependencies of target talker[0m
[1.686s] [35m[1mScanning dependencies of target listener[0m
[1.696s] [ 20%] Built target gtest_main
[1.697s] [ 40%] Built target gtest
[1.708s] [35m[1mScanning dependencies of target test_my_node[0m
[1.719s] [ 60%] Built target talker
[1.719s] [ 80%] Built target listener
[1.742s] [100%] Built target test_my_node
[1.753s] Invoked command in '/home/bmcotonom1/DevOps/build/cpp_pubsub' returned '0': CMAKE_PREFIX_PATH=/opt/ros/foxy /usr/bin/cmake --build /home/bmcotonom1/DevOps/build/cpp_pubsub -- -j12 -l12
[1.765s] Invoking command in '/home/bmcotonom1/DevOps/build/cpp_pubsub': CMAKE_PREFIX_PATH=/opt/ros/foxy /usr/bin/cmake --install /home/bmcotonom1/DevOps/build/cpp_pubsub
[1.773s] -- Install configuration: ""
[1.773s] -- Up-to-date: /home/bmcotonom1/DevOps/install/cpp_pubsub/lib/cpp_pubsub/talker
[1.773s] -- Up-to-date: /home/bmcotonom1/DevOps/install/cpp_pubsub/lib/cpp_pubsub/listener
[1.773s] -- Up-to-date: /home/bmcotonom1/DevOps/install/cpp_pubsub/share/ament_index/resource_index/package_run_dependencies/cpp_pubsub
[1.774s] -- Up-to-date: /home/bmcotonom1/DevOps/install/cpp_pubsub/share/ament_index/resource_index/parent_prefix_path/cpp_pubsub
[1.774s] -- Up-to-date: /home/bmcotonom1/DevOps/install/cpp_pubsub/share/cpp_pubsub/environment/ament_prefix_path.sh
[1.774s] -- Installing: /home/bmcotonom1/DevOps/install/cpp_pubsub/share/cpp_pubsub/environment/ament_prefix_path.dsv
[1.774s] -- Up-to-date: /home/bmcotonom1/DevOps/install/cpp_pubsub/share/cpp_pubsub/environment/path.sh
[1.774s] -- Installing: /home/bmcotonom1/DevOps/install/cpp_pubsub/share/cpp_pubsub/environment/path.dsv
[1.774s] -- Up-to-date: /home/bmcotonom1/DevOps/install/cpp_pubsub/share/cpp_pubsub/local_setup.bash
[1.774s] -- Up-to-date: /home/bmcotonom1/DevOps/install/cpp_pubsub/share/cpp_pubsub/local_setup.sh
[1.774s] -- Up-to-date: /home/bmcotonom1/DevOps/install/cpp_pubsub/share/cpp_pubsub/local_setup.zsh
[1.774s] -- Installing: /home/bmcotonom1/DevOps/install/cpp_pubsub/share/cpp_pubsub/local_setup.dsv
[1.774s] -- Installing: /home/bmcotonom1/DevOps/install/cpp_pubsub/share/cpp_pubsub/package.dsv
[1.774s] -- Up-to-date: /home/bmcotonom1/DevOps/install/cpp_pubsub/share/ament_index/resource_index/packages/cpp_pubsub
[1.774s] -- Up-to-date: /home/bmcotonom1/DevOps/install/cpp_pubsub/share/cpp_pubsub/cmake/cpp_pubsubConfig.cmake
[1.775s] -- Up-to-date: /home/bmcotonom1/DevOps/install/cpp_pubsub/share/cpp_pubsub/cmake/cpp_pubsubConfig-version.cmake
[1.775s] -- Up-to-date: /home/bmcotonom1/DevOps/install/cpp_pubsub/share/cpp_pubsub/package.xml
[1.777s] Invoked command in '/home/bmcotonom1/DevOps/build/cpp_pubsub' returned '0': CMAKE_PREFIX_PATH=/opt/ros/foxy /usr/bin/cmake --install /home/bmcotonom1/DevOps/build/cpp_pubsub
