[0.010s] Invoking command in '/home/bmcotonom1/DevOps/build/cpp_pubsub': CMAKE_PREFIX_PATH=/opt/ros/foxy /usr/bin/cmake /home/bmcotonom1/DevOps/src/cpp_pubsub -DENABLE_COVERAGE=ON -DCMAKE_INSTALL_PREFIX=/home/bmcotonom1/DevOps/install/cpp_pubsub
[0.056s] -- The C compiler identification is GNU 9.4.0
[0.100s] -- The CXX compiler identification is GNU 9.4.0
[0.104s] -- Check for working C compiler: /usr/bin/cc
[0.163s] -- Check for working C compiler: /usr/bin/cc -- works
[0.164s] -- Detecting C compiler ABI info
[0.235s] -- Detecting C compiler ABI info - done
[0.246s] -- Detecting C compile features
[0.246s] -- Detecting C compile features - done
[0.249s] -- Check for working CXX compiler: /usr/bin/c++
[0.316s] -- Check for working CXX compiler: /usr/bin/c++ -- works
[0.317s] -- Detecting CXX compiler ABI info
[0.383s] -- Detecting CXX compiler ABI info - done
[0.393s] -- Detecting CXX compile features
[0.394s] -- Detecting CXX compile features - done
[0.395s] -- Found ament_cmake: 0.9.12 (/opt/ros/foxy/share/ament_cmake/cmake)
[0.416s] -- Found PythonInterp: /usr/bin/python3 (found suitable version "3.8.10", minimum required is "3") 
[0.416s] -- Using PYTHON_EXECUTABLE: /usr/bin/python3
[0.609s] -- Found rclcpp: 2.4.3 (/opt/ros/foxy/share/rclcpp/cmake)
[0.644s] -- Using all available rosidl_typesupport_c: rosidl_typesupport_fastrtps_c;rosidl_typesupport_introspection_c
[0.649s] -- Found rosidl_adapter: 1.3.1 (/opt/ros/foxy/share/rosidl_adapter/cmake)
[0.711s] -- Found OpenSSL: /usr/lib/x86_64-linux-gnu/libcrypto.so (found version "1.1.1f")  
[0.736s] -- Found FastRTPS: /opt/ros/foxy/include  
[0.799s] -- Using all available rosidl_typesupport_cpp: rosidl_typesupport_fastrtps_cpp;rosidl_typesupport_introspection_cpp
[0.845s] -- Found rmw_implementation_cmake: 1.0.4 (/opt/ros/foxy/share/rmw_implementation_cmake/cmake)
[0.846s] -- Using RMW implementation 'rmw_fastrtps_cpp' as default
[0.847s] -- Looking for pthread.h
[0.908s] -- Looking for pthread.h - found
[0.908s] -- Performing Test CMAKE_HAVE_LIBC_PTHREAD
[0.973s] -- Performing Test CMAKE_HAVE_LIBC_PTHREAD - Failed
[0.973s] -- Looking for pthread_create in pthreads
[1.028s] -- Looking for pthread_create in pthreads - not found
[1.028s] -- Looking for pthread_create in pthread
[1.113s] -- Looking for pthread_create in pthread - found
[1.115s] -- Found Threads: TRUE  
[1.255s] CMake Error at CMakeLists.txt:28 (target_link_libraries):
[1.255s]   The plain signature for target_link_libraries has already been used with
[1.255s]   the target "talker".  All uses of target_link_libraries with a target must
[1.255s]   be either all-keyword or all-plain.
[1.255s] 
[1.255s]   The uses of the plain signature are here:
[1.255s] 
[1.255s]    * /opt/ros/foxy/share/ament_cmake_target_dependencies/cmake/ament_target_dependencies.cmake:145 (target_link_libraries)
[1.255s] 
[1.255s] 
[1.255s] 
[1.255s] CMake Error at CMakeLists.txt:31 (target_link_libraries):
[1.256s]   The plain signature for target_link_libraries has already been used with
[1.256s]   the target "listener".  All uses of target_link_libraries with a target
[1.256s]   must be either all-keyword or all-plain.
[1.256s] 
[1.256s]   The uses of the plain signature are here:
[1.256s] 
[1.256s]    * /opt/ros/foxy/share/ament_cmake_target_dependencies/cmake/ament_target_dependencies.cmake:145 (target_link_libraries)
[1.256s] 
[1.256s] 
[1.256s] 
[1.256s] -- Found ament_lint_auto: 0.9.8 (/opt/ros/foxy/share/ament_lint_auto/cmake)
[1.329s] -- Found gtest sources under '/opt/ros/foxy/src/gtest_vendor': C++ tests using 'Google Test' will be built
[1.331s] -- Check if compiler accepts -pthread
[1.391s] -- Check if compiler accepts -pthread - yes
[1.395s] -- Added test 'copyright' to check source files copyright and LICENSE
[1.397s] -- Added test 'cppcheck' to perform static code analysis on C / C++ code
[1.397s] -- Configured cppcheck include dirs: 
[1.397s] -- Configured cppcheck exclude dirs and/or files: 
[1.399s] -- Added test 'cpplint' to check C / C++ code against the Google style
[1.399s] -- Configured cpplint exclude dirs and/or files: 
[1.400s] -- Added test 'lint_cmake' to check CMake code style
[1.402s] -- Added test 'uncrustify' to check C / C++ code style
[1.402s] -- Configured uncrustify additional arguments: 
[1.402s] -- Added test 'xmllint' to check XML markup files
[1.405s] -- Configuring incomplete, errors occurred!
[1.405s] See also "/home/bmcotonom1/DevOps/build/cpp_pubsub/CMakeFiles/CMakeOutput.log".
[1.405s] See also "/home/bmcotonom1/DevOps/build/cpp_pubsub/CMakeFiles/CMakeError.log".
[1.413s] Invoked command in '/home/bmcotonom1/DevOps/build/cpp_pubsub' returned '1': CMAKE_PREFIX_PATH=/opt/ros/foxy /usr/bin/cmake /home/bmcotonom1/DevOps/src/cpp_pubsub -DENABLE_COVERAGE=ON -DCMAKE_INSTALL_PREFIX=/home/bmcotonom1/DevOps/install/cpp_pubsub
