[0.011s] Invoking command in '/home/bmcotonom1/DevOps (second copy )/build/cpp_pubsub': CMAKE_PREFIX_PATH=/opt/ros/foxy /usr/bin/cmake /home/bmcotonom1/DevOps (second copy )/src/cpp_pubsub -DENABLE_COVERAGE=ON -DCMAKE_INSTALL_PREFIX=/home/bmcotonom1/DevOps (second copy )/install/cpp_pubsub
[0.057s] -- The C compiler identification is GNU 9.4.0
[0.100s] -- The CXX compiler identification is GNU 9.4.0
[0.104s] -- Check for working C compiler: /usr/bin/cc
[0.162s] -- Check for working C compiler: /usr/bin/cc -- works
[0.162s] -- Detecting C compiler ABI info
[0.243s] -- Detecting C compiler ABI info - done
[0.260s] -- Detecting C compile features
[0.261s] -- Detecting C compile features - done
[0.264s] -- Check for working CXX compiler: /usr/bin/c++
[0.332s] -- Check for working CXX compiler: /usr/bin/c++ -- works
[0.333s] -- Detecting CXX compiler ABI info
[0.406s] -- Detecting CXX compiler ABI info - done
[0.423s] -- Detecting CXX compile features
[0.423s] -- Detecting CXX compile features - done
[0.425s] -- Found ament_cmake: 0.9.12 (/opt/ros/foxy/share/ament_cmake/cmake)
[0.449s] -- Found PythonInterp: /usr/bin/python3 (found suitable version "3.8.10", minimum required is "3") 
[0.449s] -- Using PYTHON_EXECUTABLE: /usr/bin/python3
[0.665s] -- Found rclcpp: 2.4.3 (/opt/ros/foxy/share/rclcpp/cmake)
[0.712s] -- Using all available rosidl_typesupport_c: rosidl_typesupport_fastrtps_c;rosidl_typesupport_introspection_c
[0.719s] -- Found rosidl_adapter: 1.3.1 (/opt/ros/foxy/share/rosidl_adapter/cmake)
[0.791s] -- Found OpenSSL: /usr/lib/x86_64-linux-gnu/libcrypto.so (found version "1.1.1f")  
[0.816s] -- Found FastRTPS: /opt/ros/foxy/include  
[0.883s] -- Using all available rosidl_typesupport_cpp: rosidl_typesupport_fastrtps_cpp;rosidl_typesupport_introspection_cpp
[0.934s] -- Found rmw_implementation_cmake: 1.0.4 (/opt/ros/foxy/share/rmw_implementation_cmake/cmake)
[0.936s] -- Using RMW implementation 'rmw_fastrtps_cpp' as default
[0.936s] -- Looking for pthread.h
[1.002s] -- Looking for pthread.h - found
[1.002s] -- Performing Test CMAKE_HAVE_LIBC_PTHREAD
[1.066s] -- Performing Test CMAKE_HAVE_LIBC_PTHREAD - Failed
[1.066s] -- Looking for pthread_create in pthreads
[1.118s] -- Looking for pthread_create in pthreads - not found
[1.118s] -- Looking for pthread_create in pthread
[1.176s] -- Looking for pthread_create in pthread - found
[1.177s] -- Found Threads: TRUE  
[1.313s] -- Found ament_lint_auto: 0.9.8 (/opt/ros/foxy/share/ament_lint_auto/cmake)
[1.389s] -- Found gtest sources under '/opt/ros/foxy/src/gtest_vendor': C++ tests using 'Google Test' will be built
[1.392s] -- Check if compiler accepts -pthread
[1.456s] -- Check if compiler accepts -pthread - yes
[1.461s] -- Added test 'copyright' to check source files copyright and LICENSE
[1.462s] -- Added test 'cppcheck' to perform static code analysis on C / C++ code
[1.462s] -- Configured cppcheck include dirs: 
[1.462s] -- Configured cppcheck exclude dirs and/or files: 
[1.463s] -- Added test 'cpplint' to check C / C++ code against the Google style
[1.463s] -- Configured cpplint exclude dirs and/or files: 
[1.464s] -- Added test 'lint_cmake' to check CMake code style
[1.465s] -- Added test 'uncrustify' to check C / C++ code style
[1.465s] -- Configured uncrustify additional arguments: 
[1.465s] -- Added test 'xmllint' to check XML markup files
[1.468s] -- Configuring done
[1.486s] -- Generating done
[1.493s] -- Build files have been written to: /home/bmcotonom1/DevOps (second copy )/build/cpp_pubsub
[1.499s] Invoked command in '/home/bmcotonom1/DevOps (second copy )/build/cpp_pubsub' returned '0': CMAKE_PREFIX_PATH=/opt/ros/foxy /usr/bin/cmake /home/bmcotonom1/DevOps (second copy )/src/cpp_pubsub -DENABLE_COVERAGE=ON -DCMAKE_INSTALL_PREFIX=/home/bmcotonom1/DevOps (second copy )/install/cpp_pubsub
[1.501s] Invoking command in '/home/bmcotonom1/DevOps (second copy )/build/cpp_pubsub': CMAKE_PREFIX_PATH=/opt/ros/foxy /usr/bin/cmake --build /home/bmcotonom1/DevOps (second copy )/build/cpp_pubsub -- -j12 -l12
[1.544s] [35m[1mScanning dependencies of target listener[0m
[1.544s] [35m[1mScanning dependencies of target gtest_main[0m
[1.544s] [35m[1mScanning dependencies of target gtest[0m
[1.544s] [35m[1mScanning dependencies of target talker[0m
[1.557s] [ 20%] [32m[1mLinking CXX static library libgtest_main.a[0m
[1.557s] [ 20%] [32m[1mLinking CXX static library libgtest.a[0m
[1.579s] [ 40%] [32m[1mLinking CXX executable listener[0m
[1.579s] [ 40%] [32m[1mLinking CXX executable talker[0m
[1.591s] [ 50%] Built target gtest_main
[1.620s] [ 60%] Built target gtest
[1.630s] [35m[1mScanning dependencies of target test_my_node[0m
[1.662s] [ 70%] [32m[1mLinking CXX executable test_my_node[0m
[1.783s] [ 80%] Built target talker
[1.819s] [ 90%] Built target test_my_node
[1.911s] [100%] Built target listener
[1.921s] Invoked command in '/home/bmcotonom1/DevOps (second copy )/build/cpp_pubsub' returned '0': CMAKE_PREFIX_PATH=/opt/ros/foxy /usr/bin/cmake --build /home/bmcotonom1/DevOps (second copy )/build/cpp_pubsub -- -j12 -l12
[1.932s] Invoking command in '/home/bmcotonom1/DevOps (second copy )/build/cpp_pubsub': CMAKE_PREFIX_PATH=/opt/ros/foxy /usr/bin/cmake --install /home/bmcotonom1/DevOps (second copy )/build/cpp_pubsub
[1.939s] -- Install configuration: ""
[1.940s] -- Installing: /home/bmcotonom1/DevOps (second copy )/install/cpp_pubsub/lib/cpp_pubsub/talker
[1.943s] -- Set runtime path of "/home/bmcotonom1/DevOps (second copy )/install/cpp_pubsub/lib/cpp_pubsub/talker" to ""
[1.944s] -- Installing: /home/bmcotonom1/DevOps (second copy )/install/cpp_pubsub/lib/cpp_pubsub/listener
[1.950s] -- Set runtime path of "/home/bmcotonom1/DevOps (second copy )/install/cpp_pubsub/lib/cpp_pubsub/listener" to ""
[1.951s] -- Up-to-date: /home/bmcotonom1/DevOps (second copy )/install/cpp_pubsub/share/ament_index/resource_index/package_run_dependencies/cpp_pubsub
[1.951s] -- Up-to-date: /home/bmcotonom1/DevOps (second copy )/install/cpp_pubsub/share/ament_index/resource_index/parent_prefix_path/cpp_pubsub
[1.951s] -- Up-to-date: /home/bmcotonom1/DevOps (second copy )/install/cpp_pubsub/share/cpp_pubsub/environment/ament_prefix_path.sh
[1.951s] -- Installing: /home/bmcotonom1/DevOps (second copy )/install/cpp_pubsub/share/cpp_pubsub/environment/ament_prefix_path.dsv
[1.951s] -- Up-to-date: /home/bmcotonom1/DevOps (second copy )/install/cpp_pubsub/share/cpp_pubsub/environment/path.sh
[1.952s] -- Installing: /home/bmcotonom1/DevOps (second copy )/install/cpp_pubsub/share/cpp_pubsub/environment/path.dsv
[1.952s] -- Up-to-date: /home/bmcotonom1/DevOps (second copy )/install/cpp_pubsub/share/cpp_pubsub/local_setup.bash
[1.952s] -- Installing: /home/bmcotonom1/DevOps (second copy )/install/cpp_pubsub/share/cpp_pubsub/local_setup.sh
[1.952s] -- Up-to-date: /home/bmcotonom1/DevOps (second copy )/install/cpp_pubsub/share/cpp_pubsub/local_setup.zsh
[1.952s] -- Installing: /home/bmcotonom1/DevOps (second copy )/install/cpp_pubsub/share/cpp_pubsub/local_setup.dsv
[1.952s] -- Installing: /home/bmcotonom1/DevOps (second copy )/install/cpp_pubsub/share/cpp_pubsub/package.dsv
[1.952s] -- Up-to-date: /home/bmcotonom1/DevOps (second copy )/install/cpp_pubsub/share/ament_index/resource_index/packages/cpp_pubsub
[1.952s] -- Up-to-date: /home/bmcotonom1/DevOps (second copy )/install/cpp_pubsub/share/cpp_pubsub/cmake/cpp_pubsubConfig.cmake
[1.953s] -- Up-to-date: /home/bmcotonom1/DevOps (second copy )/install/cpp_pubsub/share/cpp_pubsub/cmake/cpp_pubsubConfig-version.cmake
[1.953s] -- Up-to-date: /home/bmcotonom1/DevOps (second copy )/install/cpp_pubsub/share/cpp_pubsub/package.xml
[1.955s] Invoked command in '/home/bmcotonom1/DevOps (second copy )/build/cpp_pubsub' returned '0': CMAKE_PREFIX_PATH=/opt/ros/foxy /usr/bin/cmake --install /home/bmcotonom1/DevOps (second copy )/build/cpp_pubsub
