[0.011s] Invoking command in '/home/bmcotonom1/DevOps (copy)/build/cpp_pubsub': CMAKE_PREFIX_PATH=/opt/ros/foxy /usr/bin/cmake /home/bmcotonom1/DevOps (copy)/src/cpp_pubsub -DENABLE_COVERAGE=ON -DCMAKE_INSTALL_PREFIX=/home/bmcotonom1/DevOps (copy)/install/cpp_pubsub
[0.059s] -- The C compiler identification is GNU 9.4.0
[0.103s] -- The CXX compiler identification is GNU 9.4.0
[0.107s] -- Check for working C compiler: /usr/bin/cc
[0.163s] -- Check for working C compiler: /usr/bin/cc -- works
[0.164s] -- Detecting C compiler ABI info
[0.221s] -- Detecting C compiler ABI info - done
[0.232s] -- Detecting C compile features
[0.232s] -- Detecting C compile features - done
[0.234s] -- Check for working CXX compiler: /usr/bin/c++
[0.316s] -- Check for working CXX compiler: /usr/bin/c++ -- works
[0.317s] -- Detecting CXX compiler ABI info
[0.411s] -- Detecting CXX compiler ABI info - done
[0.426s] -- Detecting CXX compile features
[0.427s] -- Detecting CXX compile features - done
[0.429s] -- Found ament_cmake: 0.9.12 (/opt/ros/foxy/share/ament_cmake/cmake)
[0.459s] -- Found PythonInterp: /usr/bin/python3 (found suitable version "3.8.10", minimum required is "3") 
[0.459s] -- Using PYTHON_EXECUTABLE: /usr/bin/python3
[0.654s] -- Found rclcpp: 2.4.3 (/opt/ros/foxy/share/rclcpp/cmake)
[0.690s] -- Using all available rosidl_typesupport_c: rosidl_typesupport_fastrtps_c;rosidl_typesupport_introspection_c
[0.695s] -- Found rosidl_adapter: 1.3.1 (/opt/ros/foxy/share/rosidl_adapter/cmake)
[0.759s] -- Found OpenSSL: /usr/lib/x86_64-linux-gnu/libcrypto.so (found version "1.1.1f")  
[0.783s] -- Found FastRTPS: /opt/ros/foxy/include  
[0.848s] -- Using all available rosidl_typesupport_cpp: rosidl_typesupport_fastrtps_cpp;rosidl_typesupport_introspection_cpp
[0.894s] -- Found rmw_implementation_cmake: 1.0.4 (/opt/ros/foxy/share/rmw_implementation_cmake/cmake)
[0.895s] -- Using RMW implementation 'rmw_fastrtps_cpp' as default
[0.896s] -- Looking for pthread.h
[0.959s] -- Looking for pthread.h - found
[0.960s] -- Performing Test CMAKE_HAVE_LIBC_PTHREAD
[1.029s] -- Performing Test CMAKE_HAVE_LIBC_PTHREAD - Failed
[1.029s] -- Looking for pthread_create in pthreads
[1.082s] -- Looking for pthread_create in pthreads - not found
[1.082s] -- Looking for pthread_create in pthread
[1.147s] -- Looking for pthread_create in pthread - found
[1.148s] -- Found Threads: TRUE  
[1.286s] -- Found ament_lint_auto: 0.9.8 (/opt/ros/foxy/share/ament_lint_auto/cmake)
[1.373s] -- Found gtest sources under '/opt/ros/foxy/src/gtest_vendor': C++ tests using 'Google Test' will be built
[1.376s] -- Check if compiler accepts -pthread
[1.442s] -- Check if compiler accepts -pthread - yes
[1.448s] -- Added test 'copyright' to check source files copyright and LICENSE
[1.449s] -- Added test 'cppcheck' to perform static code analysis on C / C++ code
[1.449s] -- Configured cppcheck include dirs: 
[1.449s] -- Configured cppcheck exclude dirs and/or files: 
[1.450s] -- Added test 'cpplint' to check C / C++ code against the Google style
[1.450s] -- Configured cpplint exclude dirs and/or files: 
[1.451s] -- Added test 'lint_cmake' to check CMake code style
[1.452s] -- Added test 'uncrustify' to check C / C++ code style
[1.452s] -- Configured uncrustify additional arguments: 
[1.453s] -- Added test 'xmllint' to check XML markup files
[1.457s] -- Configuring done
[1.478s] -- Generating done
[1.489s] -- Build files have been written to: /home/bmcotonom1/DevOps (copy)/build/cpp_pubsub
[1.496s] Invoked command in '/home/bmcotonom1/DevOps (copy)/build/cpp_pubsub' returned '0': CMAKE_PREFIX_PATH=/opt/ros/foxy /usr/bin/cmake /home/bmcotonom1/DevOps (copy)/src/cpp_pubsub -DENABLE_COVERAGE=ON -DCMAKE_INSTALL_PREFIX=/home/bmcotonom1/DevOps (copy)/install/cpp_pubsub
[1.499s] Invoking command in '/home/bmcotonom1/DevOps (copy)/build/cpp_pubsub': CMAKE_PREFIX_PATH=/opt/ros/foxy /usr/bin/cmake --build /home/bmcotonom1/DevOps (copy)/build/cpp_pubsub -- -j12 -l12
[1.536s] [35m[1mScanning dependencies of target gtest[0m
[1.536s] [35m[1mScanning dependencies of target gtest_main[0m
[1.536s] [35m[1mScanning dependencies of target listener[0m
[1.536s] [35m[1mScanning dependencies of target talker[0m
[1.547s] [ 10%] [32m[1mLinking CXX static library libgtest_main.a[0m
[1.547s] [ 20%] [32m[1mLinking CXX static library libgtest.a[0m
[1.565s] [ 30%] [32m[1mLinking CXX executable listener[0m
[1.565s] [ 40%] [32m[1mLinking CXX executable talker[0m
[1.574s] [ 50%] Built target gtest_main
[1.603s] [ 60%] Built target gtest
[1.614s] [35m[1mScanning dependencies of target test_my_node[0m
[1.651s] [ 70%] [32m[1mLinking CXX executable test_my_node[0m
[1.790s] [ 80%] Built target talker
[1.839s] [ 90%] Built target test_my_node
[1.902s] [100%] Built target listener
[1.915s] Invoked command in '/home/bmcotonom1/DevOps (copy)/build/cpp_pubsub' returned '0': CMAKE_PREFIX_PATH=/opt/ros/foxy /usr/bin/cmake --build /home/bmcotonom1/DevOps (copy)/build/cpp_pubsub -- -j12 -l12
[1.924s] Invoking command in '/home/bmcotonom1/DevOps (copy)/build/cpp_pubsub': CMAKE_PREFIX_PATH=/opt/ros/foxy /usr/bin/cmake --install /home/bmcotonom1/DevOps (copy)/build/cpp_pubsub
[1.932s] -- Install configuration: ""
[1.933s] -- Installing: /home/bmcotonom1/DevOps (copy)/install/cpp_pubsub/lib/cpp_pubsub/talker
[1.937s] -- Set runtime path of "/home/bmcotonom1/DevOps (copy)/install/cpp_pubsub/lib/cpp_pubsub/talker" to ""
[1.938s] -- Installing: /home/bmcotonom1/DevOps (copy)/install/cpp_pubsub/lib/cpp_pubsub/listener
[1.944s] -- Set runtime path of "/home/bmcotonom1/DevOps (copy)/install/cpp_pubsub/lib/cpp_pubsub/listener" to ""
[1.945s] -- Up-to-date: /home/bmcotonom1/DevOps (copy)/install/cpp_pubsub/share/ament_index/resource_index/package_run_dependencies/cpp_pubsub
[1.945s] -- Installing: /home/bmcotonom1/DevOps (copy)/install/cpp_pubsub/share/ament_index/resource_index/parent_prefix_path/cpp_pubsub
[1.945s] -- Up-to-date: /home/bmcotonom1/DevOps (copy)/install/cpp_pubsub/share/cpp_pubsub/environment/ament_prefix_path.sh
[1.945s] -- Installing: /home/bmcotonom1/DevOps (copy)/install/cpp_pubsub/share/cpp_pubsub/environment/ament_prefix_path.dsv
[1.945s] -- Up-to-date: /home/bmcotonom1/DevOps (copy)/install/cpp_pubsub/share/cpp_pubsub/environment/path.sh
[1.946s] -- Installing: /home/bmcotonom1/DevOps (copy)/install/cpp_pubsub/share/cpp_pubsub/environment/path.dsv
[1.946s] -- Up-to-date: /home/bmcotonom1/DevOps (copy)/install/cpp_pubsub/share/cpp_pubsub/local_setup.bash
[1.946s] -- Installing: /home/bmcotonom1/DevOps (copy)/install/cpp_pubsub/share/cpp_pubsub/local_setup.sh
[1.946s] -- Up-to-date: /home/bmcotonom1/DevOps (copy)/install/cpp_pubsub/share/cpp_pubsub/local_setup.zsh
[1.946s] -- Installing: /home/bmcotonom1/DevOps (copy)/install/cpp_pubsub/share/cpp_pubsub/local_setup.dsv
[1.946s] -- Installing: /home/bmcotonom1/DevOps (copy)/install/cpp_pubsub/share/cpp_pubsub/package.dsv
[1.946s] -- Up-to-date: /home/bmcotonom1/DevOps (copy)/install/cpp_pubsub/share/ament_index/resource_index/packages/cpp_pubsub
[1.946s] -- Up-to-date: /home/bmcotonom1/DevOps (copy)/install/cpp_pubsub/share/cpp_pubsub/cmake/cpp_pubsubConfig.cmake
[1.947s] -- Up-to-date: /home/bmcotonom1/DevOps (copy)/install/cpp_pubsub/share/cpp_pubsub/cmake/cpp_pubsubConfig-version.cmake
[1.947s] -- Up-to-date: /home/bmcotonom1/DevOps (copy)/install/cpp_pubsub/share/cpp_pubsub/package.xml
[1.949s] Invoked command in '/home/bmcotonom1/DevOps (copy)/build/cpp_pubsub' returned '0': CMAKE_PREFIX_PATH=/opt/ros/foxy /usr/bin/cmake --install /home/bmcotonom1/DevOps (copy)/build/cpp_pubsub
