[0.010s] Invoking command in '/home/bmcotonom1/DevOps/build/cpp_pubsub': CMAKE_PREFIX_PATH=${CMAKE_PREFIX_PATH}:/opt/ros/foxy /usr/bin/cmake /home/bmcotonom1/DevOps/src/cpp_pubsub -DENABLE_COVERAGE=ON -DCMAKE_INSTALL_PREFIX=/home/bmcotonom1/DevOps/install/cpp_pubsub
[0.056s] -- The C compiler identification is GNU 9.4.0
[0.101s] -- The CXX compiler identification is GNU 9.4.0
[0.105s] -- Check for working C compiler: /usr/bin/cc
[0.163s] -- Check for working C compiler: /usr/bin/cc -- works
[0.164s] -- Detecting C compiler ABI info
[0.231s] -- Detecting C compiler ABI info - done
[0.243s] -- Detecting C compile features
[0.243s] -- Detecting C compile features - done
[0.246s] -- Check for working CXX compiler: /usr/bin/c++
[0.327s] -- Check for working CXX compiler: /usr/bin/c++ -- works
[0.329s] -- Detecting CXX compiler ABI info
[0.404s] -- Detecting CXX compiler ABI info - done
[0.414s] -- Detecting CXX compile features
[0.415s] -- Detecting CXX compile features - done
[0.416s] -- Found ament_cmake: 0.9.12 (/opt/ros/foxy/share/ament_cmake/cmake)
[0.438s] -- Found PythonInterp: /usr/bin/python3 (found suitable version "3.8.10", minimum required is "3") 
[0.439s] -- Using PYTHON_EXECUTABLE: /usr/bin/python3
[0.636s] -- Found rclcpp: 2.4.3 (/opt/ros/foxy/share/rclcpp/cmake)
[0.673s] -- Using all available rosidl_typesupport_c: rosidl_typesupport_fastrtps_c;rosidl_typesupport_introspection_c
[0.678s] -- Found rosidl_adapter: 1.3.1 (/opt/ros/foxy/share/rosidl_adapter/cmake)
[0.744s] -- Found OpenSSL: /usr/lib/x86_64-linux-gnu/libcrypto.so (found version "1.1.1f")  
[0.770s] -- Found FastRTPS: /opt/ros/foxy/include  
[0.837s] -- Using all available rosidl_typesupport_cpp: rosidl_typesupport_fastrtps_cpp;rosidl_typesupport_introspection_cpp
[0.886s] -- Found rmw_implementation_cmake: 1.0.4 (/opt/ros/foxy/share/rmw_implementation_cmake/cmake)
[0.887s] -- Using RMW implementation 'rmw_fastrtps_cpp' as default
[0.888s] -- Looking for pthread.h
[0.949s] -- Looking for pthread.h - found
[0.950s] -- Performing Test CMAKE_HAVE_LIBC_PTHREAD
[1.018s] -- Performing Test CMAKE_HAVE_LIBC_PTHREAD - Failed
[1.018s] -- Looking for pthread_create in pthreads
[1.083s] -- Looking for pthread_create in pthreads - not found
[1.083s] -- Looking for pthread_create in pthread
[1.209s] -- Looking for pthread_create in pthread - found
[1.211s] -- Found Threads: TRUE  
[1.367s] -- Found ament_lint_auto: 0.9.8 (/opt/ros/foxy/share/ament_lint_auto/cmake)
[1.447s] -- Found gtest sources under '/opt/ros/foxy/src/gtest_vendor': C++ tests using 'Google Test' will be built
[1.449s] -- Check if compiler accepts -pthread
[1.513s] -- Check if compiler accepts -pthread - yes
[1.518s] -- Added test 'copyright' to check source files copyright and LICENSE
[1.519s] -- Added test 'cppcheck' to perform static code analysis on C / C++ code
[1.520s] -- Configured cppcheck include dirs: 
[1.520s] -- Configured cppcheck exclude dirs and/or files: 
[1.520s] -- Added test 'cpplint' to check C / C++ code against the Google style
[1.521s] -- Configured cpplint exclude dirs and/or files: 
[1.521s] -- Added test 'lint_cmake' to check CMake code style
[1.522s] -- Added test 'uncrustify' to check C / C++ code style
[1.522s] -- Configured uncrustify additional arguments: 
[1.523s] -- Added test 'xmllint' to check XML markup files
[1.527s] -- Configuring done
[1.544s] -- Generating done
[1.550s] -- Build files have been written to: /home/bmcotonom1/DevOps/build/cpp_pubsub
[1.556s] Invoked command in '/home/bmcotonom1/DevOps/build/cpp_pubsub' returned '0': CMAKE_PREFIX_PATH=${CMAKE_PREFIX_PATH}:/opt/ros/foxy /usr/bin/cmake /home/bmcotonom1/DevOps/src/cpp_pubsub -DENABLE_COVERAGE=ON -DCMAKE_INSTALL_PREFIX=/home/bmcotonom1/DevOps/install/cpp_pubsub
[1.559s] Invoking command in '/home/bmcotonom1/DevOps/build/cpp_pubsub': CMAKE_PREFIX_PATH=${CMAKE_PREFIX_PATH}:/opt/ros/foxy /usr/bin/cmake --build /home/bmcotonom1/DevOps/build/cpp_pubsub -- -j12 -l12
[1.593s] [35m[1mScanning dependencies of target listener[0m
[1.594s] [35m[1mScanning dependencies of target talker[0m
[1.603s] [ 40%] Built target gtest_main
[1.603s] [ 40%] Built target gtest
[1.613s] [35m[1mScanning dependencies of target test_my_node[0m
[1.623s] [ 80%] Built target talker
[1.623s] [ 80%] Built target listener
[1.642s] [100%] Built target test_my_node
[1.652s] Invoked command in '/home/bmcotonom1/DevOps/build/cpp_pubsub' returned '0': CMAKE_PREFIX_PATH=${CMAKE_PREFIX_PATH}:/opt/ros/foxy /usr/bin/cmake --build /home/bmcotonom1/DevOps/build/cpp_pubsub -- -j12 -l12
[1.663s] Invoking command in '/home/bmcotonom1/DevOps/build/cpp_pubsub': CMAKE_PREFIX_PATH=${CMAKE_PREFIX_PATH}:/opt/ros/foxy /usr/bin/cmake --install /home/bmcotonom1/DevOps/build/cpp_pubsub
[1.669s] -- Install configuration: ""
[1.670s] -- Up-to-date: /home/bmcotonom1/DevOps/install/cpp_pubsub/lib/cpp_pubsub/talker
[1.670s] -- Up-to-date: /home/bmcotonom1/DevOps/install/cpp_pubsub/lib/cpp_pubsub/listener
[1.670s] -- Up-to-date: /home/bmcotonom1/DevOps/install/cpp_pubsub/share/ament_index/resource_index/package_run_dependencies/cpp_pubsub
[1.670s] -- Installing: /home/bmcotonom1/DevOps/install/cpp_pubsub/share/ament_index/resource_index/parent_prefix_path/cpp_pubsub
[1.671s] -- Up-to-date: /home/bmcotonom1/DevOps/install/cpp_pubsub/share/cpp_pubsub/environment/ament_prefix_path.sh
[1.671s] -- Installing: /home/bmcotonom1/DevOps/install/cpp_pubsub/share/cpp_pubsub/environment/ament_prefix_path.dsv
[1.671s] -- Up-to-date: /home/bmcotonom1/DevOps/install/cpp_pubsub/share/cpp_pubsub/environment/path.sh
[1.671s] -- Installing: /home/bmcotonom1/DevOps/install/cpp_pubsub/share/cpp_pubsub/environment/path.dsv
[1.671s] -- Up-to-date: /home/bmcotonom1/DevOps/install/cpp_pubsub/share/cpp_pubsub/local_setup.bash
[1.671s] -- Up-to-date: /home/bmcotonom1/DevOps/install/cpp_pubsub/share/cpp_pubsub/local_setup.sh
[1.671s] -- Up-to-date: /home/bmcotonom1/DevOps/install/cpp_pubsub/share/cpp_pubsub/local_setup.zsh
[1.671s] -- Installing: /home/bmcotonom1/DevOps/install/cpp_pubsub/share/cpp_pubsub/local_setup.dsv
[1.671s] -- Installing: /home/bmcotonom1/DevOps/install/cpp_pubsub/share/cpp_pubsub/package.dsv
[1.671s] -- Up-to-date: /home/bmcotonom1/DevOps/install/cpp_pubsub/share/ament_index/resource_index/packages/cpp_pubsub
[1.671s] -- Up-to-date: /home/bmcotonom1/DevOps/install/cpp_pubsub/share/cpp_pubsub/cmake/cpp_pubsubConfig.cmake
[1.671s] -- Up-to-date: /home/bmcotonom1/DevOps/install/cpp_pubsub/share/cpp_pubsub/cmake/cpp_pubsubConfig-version.cmake
[1.671s] -- Up-to-date: /home/bmcotonom1/DevOps/install/cpp_pubsub/share/cpp_pubsub/package.xml
[1.673s] Invoked command in '/home/bmcotonom1/DevOps/build/cpp_pubsub' returned '0': CMAKE_PREFIX_PATH=${CMAKE_PREFIX_PATH}:/opt/ros/foxy /usr/bin/cmake --install /home/bmcotonom1/DevOps/build/cpp_pubsub
